query,term,rmn,nidf,qacf2,qacfn2,qacfs2,cacf2,cacf2s,scacfs,ccfq,ccfc
301,organized,0.3770592576890769,0.39050985929363247,0.3434465121638108,0.36779182248581843,0.3415130873601235,-0.11924334646748073,0.2966342018021342,0.2994023821701302,0.3166331801237548,0.3442506520170605
301,crime,0.5154362920939403,0.3462400679661505,0.27662030044331515,0.29622861445189486,0.3245254174569208,0.01896196516321311,0.3431810228065042,0.3433855693331976,0.31138804832228645,0.3335512293005733
301,international,0.10750445021698274,0.2632500727402171,0.3137400073556906,0.33597956306228677,0.33396149518295576,0.06944895598608403,0.3601847753913616,0.3572120484966724,0.37197877155395875,0.32219811868236614
302,poliomyelitis,0.0416970451297586,0.48817990856397403,0.3278879911519387,0.2708140288922645,0.25483626731583153,-0.004137853064762284,0.25978076847583254,0.2549056354911526,0.241209866951829,0.3175694019727484
302,post,0.012076546477363444,0.14245958994849514,0.2924902411074887,0.2415778032239182,0.24804305090540144,0.04528790515105061,0.27267398014304894,0.27113105638573815,0.284408470885481,0.2232702047357969
302,and,0.6273313514335603,0.03384749381674234,0.26561061091350524,0.21937698726114735,0.24288455510522297,-0.1804218831489448,0.2137952865030311,0.22168178837900712,0.2229959864818146,0.15952118236416107
302,polio,0.31889505695931764,0.33551300767078845,0.3247608085091794,0.26823118062267004,0.2542361266735441,-0.027256766192289436,0.2537499648780876,0.2522815197441021,0.2513856756808755,0.29963921092729356
303,hubble,0.4155130451566137,0.3728596889080446,0.6221022999066231,0.3762279158940601,0.3485749549474153,0.2252377708600407,0.3680364944980456,0.36661001556151107,0.299204924774213,0.3563790327630766
303,achievements,0.0023971161677942827,0.28430517204298944,0.3832873951589541,0.23180016838189016,0.2972558151693742,-0.0038253113231487097,0.2992306057223161,0.2922932395502825,0.4200749795095587,0.28829156693322616
303,telescope,0.5820898386755919,0.3428351390489659,0.6481353987017799,0.3919719157240497,0.3541692298832106,0.10770785645543146,0.33273289977963827,0.3410967448882063,0.28072009571622836,0.3553294003036973
304,mammals,0.13747004762385953,0.3962506013888143,0.40205877269443985,0.4039839702521512,0.35093278831892644,0.039473919786586945,0.35696499702524476,0.35022837520703765,0.3386835648079046,0.3556317701551765
304,species,0.5075127771497118,0.2923740716169284,0.28134011207054943,0.28268726659976073,0.32071712475337294,-0.08275807737014866,0.3149893941064125,0.3211623230241258,0.3297886206363592,0.3192035103507217
304,endangered,0.3550171752264286,0.31137532699425735,0.3118355856608801,0.3133287631480881,0.3283500869277006,-0.044738678131406896,0.32804560886834266,0.32860930176883657,0.33152781455573604,0.3251647194941018
305,most,0.2500127515694577,0.15517534502633834,0.32950001836471304,0.30003496921636785,0.32441029524529974,-0.15816694600865075,0.3020687928449083,0.30871894891028523,0.3143117370725562,0.24635385076107205
305,dangerous,0.2607570020902972,0.4080841330472605,0.3947987583433452,0.35949446647706557,0.3403437914641791,-0.006894903696710872,0.35634863253010685,0.34231917761382374,0.35264882264808733,0.34677641477774557
305,vehicles,0.48923024634024503,0.43674052192640117,0.37390660656877156,0.3404705643065667,0.33524591329052134,-0.048046309986019727,0.3415825746249849,0.348961873475891,0.33303944027935645,0.4068697344611824
306,african,0.22734410339844716,0.31899478670693243,0.2950644307291036,0.31487409214273787,0.3289397510982831,0.0736871913562562,0.35070461873850733,0.3362916397785591,0.3448359839397713,0.3253525275509316
306,civilian,0.38271377915291194,0.35521597724230436,0.3079609868871277,0.328636480926745,0.33221541049559755,0.0212348959770612,0.33357182400926805,0.3342452753923067,0.3176384656590083,0.3377304990835482
306,deaths,0.3899421174486409,0.3257892360507632,0.3340616215910014,0.3564894269305171,0.33884483840611934,-0.03340782721797014,0.3157235572522246,0.3294630848291344,0.33752555040122034,0.3369169733655203
307,new,0.4414987018403186,0.10597798884296279,0.37321480992821554,0.3650888925628078,0.34140401389821257,-0.04453984637326996,0.33761603712784427,0.3385197294229399,0.3288461401243972,0.24726809324256077
307,projects,0.1948947037521176,0.2755650617479568,0.32731791955686756,0.32019130427853,0.32999328450253734,-0.09674270582085812,0.31916992771497393,0.3295615770216874,0.30093995533893103,0.3245511571710662
307,hydroelectric,0.3636065944075637,0.6184569494090802,0.3217246372300924,0.3147198031586622,0.32860270159925015,-0.02869739972110575,0.3432140351571818,0.3319186935553727,0.3702139045366718,0.4281807495863731
308,dentistry,0.2648270839050874,0.5100207483590884,0.3274738693284675,0.5007585959491393,0.5001869240192574,-0.014126754900140983,0.4994631770588718,0.4951127983226364,0.49854309704247474,0.49139020873112116
308,implant,0.7351729160949125,0.4899792516409115,0.32648169324709353,0.4992414040508606,0.49981307598074265,-0.012007522094509187,0.5005368229411282,0.5048872016773637,0.5014569029575252,0.508609791268879
309,rap,0.332402504592086,0.546762528544111,0.3060580327799744,0.3107633749293549,0.3277551629078099,-0.006113045466576271,0.35089587188266086,0.33694515703409245,0.3439134397279937,0.4045436171061475
309,and,0.6416770327327286,0.08037085320059524,0.37005470593825995,0.3757439341856351,0.34381512311639684,-0.1804218831489448,0.28935542073133125,0.29745411660682647,0.27063845494931477,0.24451056288831657
309,crime,0.025920462675185506,0.3728666182552939,0.3087460235138008,0.3134926908850098,0.32842971397579324,0.01896196516321311,0.3597487073860079,0.365600726359081,0.3854481053226916,0.3509458200055359
310,waves,0.038916022310736716,0.26960058678964216,0.38179155590740954,0.21107799386731152,0.20294290209040616,-0.0077361633514977084,0.2076316193453812,0.21039691684678036,0.21155111204402569,0.21310849695803594
310,and,0.600995658093826,0.0416698528350226,0.36428680007855646,0.20140028181129238,0.20037198903691125,-0.1804218831489448,0.17149706085892907,0.17336706335047947,0.1423986281423855,0.12938528492111603
310,cancer,0.1649160703134828,0.23147681737403727,0.2795028791016819,0.15452648464343827,0.18791982510517313,-0.07129089233178998,0.19433276594787557,0.18918699718213441,0.20466233429641256,0.22846356516776883
310,brain,0.10856534908225628,0.26582636855517255,0.4110517451112086,0.22725483681145903,0.20724032863592723,0.020208416399817974,0.21347903424794323,0.2128677466470595,0.20575873785572388,0.22273689115378564
310,radio,0.08660690019969808,0.1914263744461255,0.37213708110565136,0.20574040286649892,0.20152495513158225,0.018203571398180577,0.21305951959987093,0.21418127597354616,0.23562918766145244,0.20630576179929352
311,industrial,0.18870082291176604,0.354003044842138,0.2695317864527429,0.375481781936171,0.46711242461813784,0.04007998736794453,0.4871172125769526,0.48882260738469085,0.5308489932259932,0.43970745915046633
311,espionage,0.811299177088234,0.6459969551578618,0.4482974117120863,0.6245182180638289,0.532887575381862,0.09509397182290884,0.5128827874230474,0.5111773926153091,0.46915100677400673,0.5602925408495337
312,hydroponics,1.0,1.0,0.33057099608699514,1.0,1.0,-0.0013755003100513344,1.0,1.0,1.0,1.0
313,magnetic,0.3289465781344762,0.26037165387419414,0.35964735870045783,0.3493386887344587,0.3374225805874986,0.011799651796002151,0.33314948065236105,0.33842357290306924,0.3300813812199639,0.33129271944948185
313,maglev,0.40691603048010416,0.3939607707614614,0.32488196516360907,0.3155697851190275,0.3287948811128675,0.003993459572144486,0.3305791804149233,0.3270362421026464,0.3386807946044737,0.33191616329205204
313,levitation,0.2641373913854196,0.3456675753643444,0.34497977518059997,0.33509152614651394,0.333782538299634,0.021280966654527333,0.33627133893271555,0.33454018499428434,0.33123782417556247,0.336791117258466
314,vegetation,0.6638975507351389,0.6001365132493823,0.31476934457187933,0.471257588491506,0.49280415063031624,-0.03699218158049354,0.46643221832250975,0.4800358926918648,0.4889017158313433,0.500783691379318
314,marine,0.3361024492648611,0.39986348675061756,0.3531654585141675,0.528742411508494,0.5071958493696838,0.10161760964996841,0.5335677816774902,0.5199641073081352,0.5110982841686567,0.499216308620682
315,unexplained,0.027077345002690018,0.45030522170874265,0.38299015911652784,0.3482688231247411,0.33733960810493085,0.029611920688393256,0.3499204460233964,0.33746035007967673,0.38341473908526774,0.3612619160809017
315,highway,0.46447654820831097,0.2378239821389147,0.38866299355705747,0.35342736656863055,0.3387233285416944,-0.022722923597626513,0.3321341017832432,0.33308998072969265,0.311947359350232,0.29738095875875964
315,accidents,0.508446106788999,0.31187079615234264,0.3280437874092498,0.2983038103066285,0.3239370633533747,-0.06447184945272517,0.3179454521933604,0.32944966919063057,0.30463790156450027,0.34135712516033867
316,polygyny,0.0,0.0,0.0,0.0,0.0,0.0,0.0,0.0,0.0,0.0
316,polyandry,0.0,0.0,0.0,0.0,0.0,0.0,0.0,0.0,0.0,0.0
316,polygamy,1.0,1.0,0.32469274702428996,1.0,1.0,-0.007534771749017775,1.0,1.0,1.0,1.0
317,faxes,0.3524052215802075,0.5329065247128543,0.34550139223625026,0.5148331293600688,0.5037267214957827,0.021863560694503865,0.4965953075367917,0.514604163528369,0.5241649024703607,0.4863123174402213
317,unsolicited,0.6475947784197924,0.4670934752871458,0.3255925458436558,0.4851668706399312,0.4962732785042173,0.03587549802343627,0.5034046924632082,0.48539583647163087,0.47583509752963926,0.5136876825597787
318,country,0.27132697139915213,0.26564997017195746,0.28043517977160604,0.3176593459060231,0.3297696148490595,-0.06933051653322364,0.34099867502926373,0.32690922073101636,0.3440735268986071,0.2998743082877769
318,best,0.18745697314951704,0.23650019653647736,0.3815159215848799,0.4321572571675517,0.35580244948452006,-0.15653275472087688,0.3090476460014192,0.3290717366748133,0.35878893768673836,0.2856209712612953
318,retirement,0.5412160554513308,0.4978498332915652,0.22086624176859396,0.25018339692642516,0.3144279356664204,-0.04489010223948115,0.3499536789693171,0.34401904259417027,0.29713753541465454,0.4145047204509278
319,new,0.22590958031103525,0.14401600127713707,0.3985361422935794,0.3311944385823984,0.3327210102615695,-0.04453984637326996,0.3177832692534405,0.32261820967435945,0.33316094038567395,0.24200749780663205
319,sources,0.248247131980248,0.3794513072232374,0.38452658593397965,0.31955211393248456,0.329388044023287,-0.008048011462713988,0.32992034745070015,0.33238446167581726,0.3500284919899285,0.3536749794424051
319,fuel,0.5258432877087167,0.4765326914996255,0.42026708612385855,0.34925344748511716,0.33789094571514333,0.059228691607271906,0.3522963832958594,0.3449973286498233,0.3168105676243975,0.4043175227509629
320,fiber,0.26745327565007315,0.2320908112766815,0.36778853447753473,0.26058985193113726,0.25276199823119616,-0.03282583219521441,0.24561087610565627,0.2502873784255372,0.24040255677394362,0.24475555775359298
320,undersea,0.02824538962153229,0.30657098087628154,0.32348833044332403,0.22920175108619567,0.24457549292610972,-0.024763450208309376,0.24765829297142794,0.2438092340711477,0.2714633123161175,0.25121252530005794
320,optic,0.2402313434656782,0.29495115587932147,0.3513738556329806,0.24895953089441444,0.24972862946073954,-0.008383540757745875,0.25181792010437287,0.25202265517618194,0.24285608648491788,0.270086920552427
320,cable,0.4640699912627165,0.16638705196771542,0.36871864687158706,0.26124886608825265,0.25293387938195466,0.00380401020010875,0.25491291081854295,0.25388073232713315,0.24527804442502105,0.23394499639392208
321,in,0.7820203599637898,0.07027921438122273,0.34671964746027517,0.3739210926909508,0.3429164026159174,-0.13997273166422777,0.30562247812260146,0.31620039822620777,0.2724609105835269,0.2317177396568051
321,parliaments,0.11496045573076571,0.661042863501201,0.27998138965506664,0.30194697046970254,0.3259227816150098,0.048696860649835895,0.37266880382921,0.3635864519534306,0.3753638091020848,0.45073664636593275
321,women,0.10301918430544436,0.2686779221175762,0.30055247769731974,0.32413193683934655,0.33116081576907286,-0.09470575697708879,0.3217087180481885,0.3202131498203617,0.3521752803143883,0.3175456139772622
322,art,0.6545008852344787,0.3297172723118412,0.27984023946652886,0.2842878750236453,0.3212164038976478,-0.060298517277449115,0.31032582592410257,0.30323331082389526,0.30919738068932906,0.3251802844830047
322,crime,0.2090779504139665,0.3807752114288798,0.32747908443731866,0.3326838670766272,0.3331728793978501,0.01896196516321311,0.3365007071270979,0.34150790720108415,0.32644473842958566,0.343251497480426
322,international,0.13642116435155477,0.28950751625927895,0.37703584581013877,0.3830282578997275,0.34561071670450205,0.06944895598608403,0.35317346694879953,0.3552587819750206,0.3643578808810854,0.3315682180365692
323,journalistic,0.22147203706981047,0.33069048252549776,0.2882821481803491,0.3254495416780747,0.3315361634064881,-0.010712677699385978,0.3325141529099805,0.3343801435785943,0.35692648111842507,0.337647811598751
323,plagiarism,0.4916557547075617,0.4137204816718999,0.33287702387662327,0.3757939072523994,0.3430125422547202,0.034212848719230554,0.34761428916400794,0.34284651160595825,0.34257296373590795,0.37698150886229653
323,literary,0.2868722082226279,0.25558903580260234,0.26463758369790125,0.29875655106952587,0.32545129433879166,-0.04832659226261939,0.31987155792601146,0.3227733448154475,0.30050055514566704,0.28537067953895234
324,argentine,0.5049065641358363,0.4751301590256228,0.3182541941985981,0.3127560687718536,0.32812148772744093,-0.03843635745994224,0.3126561321471485,0.3203514236619516,0.3384055437466705,0.3757803385421696
324,british,0.28014630811019187,0.264257308253047,0.4076015008223183,0.40055982088061753,0.35036057583566227,0.05524708725279564,0.34311766602204813,0.3401975516353386,0.30762800891552894,0.3033160143568955
324,relations,0.21494712775397165,0.2606125327213301,0.2917239012706433,0.2866841103475288,0.3215179364368968,0.05865635264232335,0.34422620183080344,0.33945102470270994,0.3539664473378007,0.32090364710093494
325,cult,0.5335358774752531,0.4473378118435458,0.42007333882055703,0.49574955267276033,0.49873509885545453,0.065312130733224,0.51221251681343,0.5052945046059291,0.4897241535451672,0.4952952163924916
325,lifestyles,0.4664641225247469,0.5526621881564542,0.42727657114061957,0.5042504473272397,0.5012649011445455,0.014512347904530175,0.48778748318656995,0.4947054953940708,0.5102758464548327,0.5047047836075084
326,ferry,0.9134718720982187,0.36020520196697614,0.35535883315101546,0.523108042056186,0.5058588711601121,0.017013523687309507,0.5059521896826638,0.5272574188004012,0.5290128502303292,0.4618189446094105
326,sinkings,0.08652812790178128,0.6397947980330239,0.3239632276496614,0.4768919579438139,0.4941411288398879,-0.0069154463863958125,0.49404781031733636,0.4727425811995989,0.4709871497696709,0.5381810553905896
327,modern,0.21225200216901471,0.353488744209457,0.2905250503118351,0.4575383263599155,0.48976761575602523,-0.06831289260489562,0.502621112128859,0.4608879308879652,0.5055441985622706,0.40772414375101085
327,slavery,0.7877479978309853,0.646511255790543,0.3444491880720725,0.5424616736400845,0.5102323842439747,-0.07803017792604555,0.49737888787114093,0.5391120691120348,0.4944558014377294,0.5922758562489892
328,pope,1.0,1.0,0.44199494559997,1.0,1.0,0.181150661322872,1.0,1.0,1.0,1.0
328,beatifications,0.0,0.0,0.0,0.0,0.0,0.0,0.0,0.0,0.0,0.0
329,mexican,0.03094313922534448,0.367458253664103,0.46435973270219694,0.3912171303369863,0.3497428095055547,0.011884578910114027,0.3346380130424271,0.34376666901311975,0.37194930266560877,0.3566749932390333
329,air,0.564551061067303,0.23120211125104556,0.3720995827987175,0.31348913510436127,0.32770770207119265,0.017694304385825838,0.3365593339420974,0.3408462504039014,0.3043651163464242,0.29159396854417613
329,pollution,0.40450579970735256,0.40133963508485143,0.35050234004368586,0.29529373455865243,0.32254948842325265,-0.005760490070474671,0.32880265301547557,0.3153870805829789,0.32368558098796696,0.3517310382167905
330,iran,0.41910805914798965,0.34381549389629823,0.443623036575254,0.25617089700981965,0.30509306821135285,0.15983916285541488,0.28887926761779725,0.3142299998734772,0.35022694699557194,0.34123838435547954
330,iraq,0.4693559209446148,0.3293015193139073,0.8220095463167674,0.47467084770039963,0.38506069016111893,0.7967178785872479,0.4475056210416903,0.3936500638540112,0.27504938496000747,0.3402810317225121
330,cooperation,0.11153601990739546,0.32688298678979455,0.4661138479222831,0.2691582552897807,0.30984624162752816,0.058404545866344276,0.26361511134051235,0.2921199362725116,0.37472366804442064,0.3184805839220084
331,bank,0.6361619392997745,0.34699969861248114,0.36524439911919127,0.3418043159808527,0.33555816533352334,0.07832411009461712,0.3510277735517003,0.3345951440302169,0.3356088459494043,0.3907127125604842
331,world,0.25722940747706174,0.21504083292004825,0.3487365986388854,0.32635592727146684,0.33150077660046057,-0.03116787562454601,0.31538475341614947,0.3283629522250839,0.3289198073272606,0.26505656706547137
331,criticism,0.10660865322316372,0.4379594684674706,0.3545964953934481,0.3318397567476804,0.33294105806601615,0.024749156901471007,0.33358747303215014,0.33704190374469917,0.335471346723335,0.34423072037404445
332,income,0.24087707189409607,0.2551775490396595,0.35985469475950355,0.3508947705857889,0.33780723855850925,-0.012507579521857081,0.3280336381092164,0.33161405095709223,0.33722379298931116,0.2953693413925051
332,tax,0.5207121155777897,0.2512624545499697,0.34706452539772414,0.33842306017235557,0.33462997865754424,-0.010467781459899586,0.32871123559289944,0.3405634833760696,0.3004100494329418,0.3001534570810449
332,evasion,0.2384108125281142,0.49355999641037074,0.318615284556983,0.31068216924185565,0.3275627827839466,0.03331425844984061,0.34325512629788424,0.3278224656668381,0.3623661575777471,0.40447720152645
333,disease,0.536589536901037,0.2394584289773151,0.35962332096981026,0.338817358213337,0.3347665275070828,-0.0458411852182898,0.3117486813056416,0.3181280038228787,0.335212159835772,0.2985291108154088
333,bacteria,0.28711419965213464,0.3662037133554025,0.35063226783694723,0.3303464813474618,0.3325527499192041,0.009213303064187715,0.32973642491407407,0.3361288820166136,0.33040227388420784,0.34774243579543807
333,antibiotics,0.17629626344682842,0.3943378576672824,0.3511520169492992,0.3308361604392012,0.3326807225737131,0.09729460505915623,0.3585148937802843,0.3457431141605077,0.3343855662800202,0.35372845338915326
334,controls,0.3527700694419513,0.21626398871472116,0.3106040597351641,0.31053604045160754,0.32763307388665625,-0.015482271604346506,0.32980985190650564,0.3322217356497045,0.31122136518981264,0.31259565854793786
334,cryptography,0.007634873949480824,0.5386228781897053,0.32779602260408147,0.32772423844701276,0.33193082926063766,-0.0024786205806774405,0.3341660276204249,0.3284025053636521,0.39676613376232145,0.3550971146057965
334,export,0.6395950566085677,0.2451131330955735,0.3618189559516325,0.36173972110137975,0.3404360968527062,0.003067985573927373,0.33602412047306957,0.3393757589866434,0.2920125010478659,0.3323072268462656
335,adoptive,0.2915818988708909,0.4558431654208274,0.3696010665218856,0.3346834026955099,0.33369658933968854,-0.031144079881448922,0.34371804229041575,0.3343740502341031,0.3177235415198954,0.38066585688168114
335,biological,0.1277264602646701,0.3526353965495387,0.3316824331041343,0.3003470914471623,0.3244579000941707,-0.040875555673211904,0.3402656364803423,0.3309400764232818,0.3507939869741756,0.3439095894842295
335,parents,0.5806916408644389,0.19152143802963387,0.4030469318956868,0.3649695058573277,0.3418455105661408,-0.10922836160476315,0.3160163212292421,0.33468587334261507,0.3314824715059292,0.2754245536340893
336,attacks,0.21414495326362556,0.38718906948037735,0.2758241147713987,0.28080089639592337,0.3203755747965647,0.022798476679092204,0.346130056619189,0.34007971972597106,0.3260967420628834,0.34932065813182084
336,black,0.35420464592969697,0.24128743745208195,0.32837846156343425,0.3343034978669245,0.3335726361051082,-0.041808934407666205,0.3242659579063247,0.31679667801716865,0.3392095560118492,0.29816200625384287
336,bear,0.4316504008066774,0.3715234930675407,0.3780738989599341,0.38489560573715215,0.34605178909832707,-0.026035307238403818,0.3296039854744863,0.3431236022568601,0.3346937019252673,0.3525173356143363
337,viral,0.2579166015840105,0.49731447861646777,0.3436943843097157,0.5084577611403697,0.5021364573296856,0.060046000568626426,0.5157315813727442,0.5036364359974997,0.4974252970569301,0.4962433601170037
337,hepatitis,0.7420833984159896,0.5026855213835322,0.33226025848869006,0.49154223885963033,0.4978635426703144,-0.004624074017109253,0.4842684186272558,0.4963635640025002,0.5025747029430699,0.5037566398829962
338,of,0.706593149699496,0.06507642353509678,0.3126428750050153,0.3051804954849703,0.32616683256955575,-0.1391147024296938,0.3044921707452427,0.300761024094349,0.2699294914452976,0.22520962311930262
338,aspirin,0.22610426456221933,0.6286890529944252,0.33768526185120645,0.32962515306984025,0.33238939024547537,-0.04303627443784662,0.3384747804884865,0.3457802979991299,0.40257726555759926,0.4340930783051462
338,risk,0.06730258573828457,0.30623452347047786,0.37412421062485296,0.36519435144518947,0.3414437771849688,0.009433187320751381,0.3570330487662709,0.3534586779065211,0.32749324299710314,0.3406972985755512
339,alzheimer,0.029643362857876134,0.5024301307028107,0.32226484504823294,0.1983118202215492,0.23506759105538685,-0.01624281003942108,0.23743877601064015,0.23859075305211963,0.3062208405314447,0.2902921263901518
339,treatment,0.3150459280728928,0.1938217238932998,0.3933614576128765,0.24206247706769232,0.24770689664560644,-0.029999712904894664,0.2341184219523321,0.24384241312566277,0.2134578802288482,0.23227069322009913
339,s,0.08808400220929002,0.13875823119866376,0.467069073340639,0.2874198645201628,0.26081037718995176,0.03464358253777274,0.2497206712714107,0.2428476019087642,0.2726012176617469,0.2189290173563742
339,drug,0.5672267068599411,0.16498991420522588,0.44234565628874445,0.2722058381905957,0.2564151351090549,0.15480253372566735,0.278722130765617,0.27471923191345343,0.20772006157796014,0.2585081630333748
340,mine,0.45512133822038287,0.39675799447094423,0.35749302194029364,0.3308041729633174,0.3326635404061241,-0.06861310855468035,0.32354591857354076,0.31012347744296154,0.3350985160337414,0.33466781171637305
340,land,0.34555250928413195,0.2560750440695778,0.40223845614842546,0.3722091108185176,0.3436287345692666,-0.08082764055752041,0.3193028247388486,0.3418923964097804,0.3619359219663116,0.2867014167709047
340,ban,0.19932615249548516,0.34716696145947806,0.3209472169165453,0.29698671621816497,0.3237077250246092,0.028126085498599837,0.3571512566876108,0.3479841261472581,0.302965561999947,0.3786307715127222
341,security,0.4076508210866128,0.44868034589184014,0.3487082618279275,0.47548827497787566,0.4934234508633377,0.06448255843969922,0.49857610609792447,0.486797024293634,0.5352240981789244,0.476608245277082
341,airport,0.5923491789133872,0.5513196541081599,0.38466053016626583,0.5245117250221243,0.5065765491366623,0.07056271432879986,0.5014238939020755,0.5132029757063661,0.4647759018210757,0.523391754722918
342,diplomatic,0.4044999781108746,0.42270363658773896,0.4365700779421743,0.49829261242549283,0.49947989284550853,0.12404452862745427,0.5307878334773857,0.5370822222371695,0.48124444642233755,0.48827375588218147
342,expulsion,0.5955000218891253,0.577296363412261,0.4395618715505596,0.5017073875745072,0.5005201071544915,-0.006353696749438889,0.4692121665226144,0.46291777776283055,0.5187555535776625,0.5117262441178185
343,police,0.7337812959906319,0.35161754693364816,0.36540662162265697,0.5469211271014692,0.5117493943774155,0.04096318878335533,0.5185227808470833,0.4993364262797897,0.5119653059867856,0.4725054319326809
343,deaths,0.26621870400936803,0.6483824530663519,0.30270913312832703,0.4530788728985308,0.4882506056225845,-0.03340782721797014,0.4814772191529167,0.5006635737202103,0.48803469401321453,0.5274945680673191
344,mail,0.08885771033840387,0.2990875060366993,0.4385516703594252,0.27326230364978576,0.25666082281762176,-0.011973727616157996,0.25539205961536515,0.25786162604545787,0.26938238010123927,0.26915589753271774
344,e,0.04528586556942637,0.2325581484654398,0.41618294961334695,0.25932431509814613,0.25266988221370756,-0.02958151388946091,0.2508406737592419,0.253379719911686,0.2960407114041113,0.2580659696876586
344,of,0.8036617397984411,0.05382573279772772,0.38034936048605705,0.23699634378991258,0.24627659189301931,-0.1391147024296938,0.22252775597616042,0.22084764035378376,0.18467637485097324,0.16611341501698815
344,abuses,0.06219468429372864,0.41452861270013314,0.369790400317361,0.23041703746215547,0.24439270307565145,0.049334748439670534,0.2712395106492324,0.2679110136890723,0.24990053364367623,0.30666471776263554
345,tobacco,0.5714119689869929,0.4081263195891913,0.31020217008095535,0.29056506628122264,0.3221083237859835,-0.008329234332875761,0.3138447814187827,0.31685746082097543,0.32377101081491444,0.34687190616176233
345,sales,0.3199828131646623,0.22727838708432158,0.2996447319919826,0.2806759584865167,0.31951281695202427,0.11298961259743981,0.352239870106518,0.3297201106032687,0.32492464398040183,0.3150247104716516
345,overseas,0.10860521784834486,0.3645952933264871,0.4577355642264588,0.42875897523226064,0.35837885926199226,0.05508872186106775,0.3339153484746993,0.35342242857575595,0.35130434520468373,0.33810338336658596
346,standards,0.48126239208408494,0.46556852043133085,0.34874217237078026,0.5246564304547248,0.506150499740711,-0.012594554176508193,0.5166130565693671,0.5075562282145059,0.5239625971209139,0.50188274512504
346,educational,0.5187376079159152,0.5344314795686692,0.31596362770589476,0.4753435695452752,0.49384950025928903,-0.07609981142764465,0.483386943430633,0.49244377178549414,0.4760374028790862,0.49811725487495995
347,extinction,0.2794007798184884,0.5677356869611543,0.317395880029855,0.5037177912463762,0.5008906881047073,-0.03779860642842692,0.4894671044322567,0.47709007158493594,0.5111504211802694,0.5246209362771518
347,wildlife,0.7205992201815116,0.4322643130388457,0.3127106707919955,0.49628220875362383,0.4991093118952927,0.003612825317867601,0.5105328955677432,0.5229099284150641,0.4888495788197306,0.4753790637228482
348,agoraphobia,1.0,1.0,0.32806691707083513,1.0,1.0,-0.004929890491776818,1.0,1.0,1.0,1.0
349,metabolism,1.0,1.0,0.3113179091482109,1.0,1.0,-0.02948645985767846,1.0,1.0,1.0,1.0
350,computer,0.26519718694246547,0.2617515597609544,0.32375456068794445,0.2578158246455455,0.2518674358106952,0.08773105685680586,0.2781704541191475,0.2567745978419794,0.24572389748073223,0.27686186062229307
350,and,0.6098308486708501,0.055369060924606854,0.29812872437171695,0.23740917428651634,0.2469916726782014,-0.1804218831489448,0.20959447237754694,0.22439403159254864,0.19531163114097813,0.16637352691394278
350,health,0.029886733414477788,0.2142241883059707,0.3420164817864458,0.27235836031706634,0.2553420853995634,-0.01127674693525486,0.25285073416763504,0.2551391587292296,0.29201746608840956,0.24658639789702522
350,terminals,0.09508523097220656,0.46865519100846814,0.2918593050923744,0.23241664075087193,0.24579880611154004,0.01427163589719427,0.25938433933567046,0.2636922118362423,0.26694700528987997,0.31017821456673883
351,falkland,0.18414017283080825,0.44965661025606446,0.3284225858727647,0.3423386662441609,0.33551532428062547,0.07104238451410612,0.3292652264467512,0.31866928326558996,0.39666738304090154,0.3351701622453597
351,exploration,0.46817836624037634,0.28723990147381356,0.29826110988607213,0.31089917363496555,0.3278975394702227,0.022486721276886265,0.3143380007064473,0.3188735049113723,0.321466786337395,0.3283913185152842
351,petroleum,0.3476814609288156,0.26310348827012203,0.33266626454780546,0.3467621601208734,0.33658713624915176,0.1592965754150227,0.35639677284680155,0.36245721182303775,0.28186583062170334,0.3364385192393561
352,chunnel,0.12096469396627567,0.6192338359993484,0.32812040818707694,0.32353775704078924,0.3308585160996368,-0.00247862058067744,0.32999858304505586,0.3203179657012818,0.3331374056077432,0.39691285058740317
352,impact,0.10588689987030674,0.18553296733865382,0.29122735303542974,0.28715996396142485,0.3216677970905688,-0.029963428496765164,0.32090609855830304,0.33590962445776634,0.3768697213967483,0.29524078211199906
352,british,0.7731484061634176,0.19523319666199784,0.3948164315078953,0.38930227899778597,0.3474736868097945,0.05524708725279564,0.3490953183966411,0.34377240984095175,0.2899928729955084,0.30784636730059783
353,exploration,0.202622099032304,0.4289596602401839,0.3488342372160671,0.5167818236614986,0.5042347248368405,0.022486721276886265,0.4957006213956249,0.5089546109866313,0.5414867422235123,0.49984666352202933
353,antarctica,0.7973779009676959,0.571040339759816,0.3261783527092314,0.48321817633850134,0.49576527516315944,0.040223465363825574,0.5042993786043751,0.4910453890133687,0.45851325777648755,0.5001533364779707
354,journalist,0.7036829391204419,0.5175356516860965,0.35834076583138624,0.5631802301273366,0.5152488942902783,0.08145371622679821,0.5271085912536311,0.5248171786036397,0.47770063172993193,0.5036827554960829
354,risks,0.29631706087955817,0.48246434831390345,0.2779400314373041,0.4368197698726634,0.48475110570972163,-0.02978213626875029,0.47289140874636887,0.47518282139636014,0.5222993682700681,0.49631724450391723
355,sensing,0.43506434601437477,0.4507731604656875,0.29829017033228583,0.3415124917724934,0.33517768741227566,0.017609889525214556,0.34810218761680023,0.3306232662705047,0.34014091814057346,0.369830932009365
355,ocean,0.3544138566815606,0.24896711191138535,0.29705890677286895,0.3401028178106035,0.33485981388764235,-0.03725775252116362,0.32933316186113365,0.34902784714918555,0.33735797223562264,0.31516979536427037
355,remote,0.21052179730406462,0.3002597276229271,0.2780894574097081,0.318384690416903,0.32996249870008204,-0.057044195471015906,0.3225646505220662,0.32034888658030974,0.32250110962380396,0.3149992726263645
356,estrogen,0.6929851675097111,0.3553202550151759,0.3242057204506922,0.3002029905883471,0.32456380541479923,-0.0011306551661867195,0.32356122215153016,0.32421242885415485,0.27777382205053747,0.34821040947061155
356,britain,0.05741409521165312,0.1915808491057864,0.4313058471328348,0.3993739067513145,0.35081412599529976,0.09326143330226154,0.3541374127857194,0.35174844713249254,0.4412527691133635,0.2926992144494203
356,postmenopausal,0.24960073727863583,0.4530988958790377,0.3244434315832162,0.30042310266033845,0.3246220685899011,-0.005019973597133372,0.3223013650627505,0.32403912401335255,0.28097340883609906,0.35909037607996824
357,waters,0.3458679069806705,0.3047648046344227,0.352469192218991,0.33658294519046095,0.3341741591357674,0.01713707356897603,0.33023197912676805,0.3450177711928373,0.33184831755373984,0.31534556722315055
357,dispute,0.23481429512086135,0.26755868980672043,0.352524773562309,0.3366360214100132,0.33418789242357444,0.04278982748760556,0.3385606104555587,0.3278817727021607,0.3387001488122043,0.3340740387153655
357,territorial,0.4193177978984682,0.4276765055588569,0.3422046438200884,0.32678103339952597,0.3316379484406581,0.02014146863490074,0.3312074104176734,0.3271004561050021,0.3294515336340558,0.35058039406148395
358,alcohol,0.5413093283223384,0.28913752366539014,0.2969317696786224,0.3039958350671379,0.32612752938998124,0.001870293715399232,0.3429298098333453,0.3429195908608405,0.30823318036542474,0.30370326355137506
358,fatalities,0.1744891887778475,0.45042515367355185,0.31412915924594265,0.3216023539254963,0.3304519991135789,-0.02246496923468223,0.33460010173833066,0.3273710690473628,0.3474002051664439,0.377133822630261
358,blood,0.2842014828998141,0.260437322661058,0.3657016955141698,0.3744018110073658,0.34342047149643984,-0.057902833337467347,0.32247008842832403,0.3297093400917967,0.3443666144681313,0.3191629138183638
359,predictors,0.01658320477798449,0.5479676347183068,0.3306689930820837,0.2926406786177442,0.32219987392606436,-0.008868897521524791,0.32872149269742845,0.3311295720879504,0.40577570918120864,0.37724178554828103
359,mutual,0.33333917135983016,0.2710472915853022,0.3617284512177031,0.32012816942112526,0.3297204170119369,-0.022530287110969122,0.32419051554724787,0.3084762556772969,0.29732755167738445,0.32899733162086087
359,fund,0.6500776238621854,0.18098507369639097,0.4375513879813644,0.38723115196113045,0.3480797090619987,0.04650809748584793,0.3470879917553237,0.36039417223475273,0.296896739141407,0.29376088283085805
360,benefits,0.04086251383466596,0.27756279492109087,0.360291485084072,0.35215873131660536,0.3381207312229555,-0.038305047807491166,0.3098617949102516,0.31049516029281815,0.3797063780945916,0.2910063808108793
360,legalization,0.2934646998726251,0.5007370568409865,0.3364447043173482,0.3288502369211991,0.33219325829632773,-0.012872037446691659,0.3180564082046249,0.3193534799622413,0.31791250009615424,0.37679156800405883
360,drug,0.665672786292709,0.22170014823792283,0.3263578106736623,0.3189910317621955,0.3296860104807167,0.15480253372566735,0.37208179688512355,0.37015135974494057,0.302381121809254,0.33220205118506185
361,sweatshops,0.5523736083893821,0.6559151801749529,0.40118426932383455,0.5551842054993039,0.5146465521510848,0.06515071100941831,0.4959267408713692,0.5164315499410167,0.4739299319878352,0.5495012071923725
361,clothing,0.4476263916106179,0.3440848198250472,0.32143043287762707,0.44481579450069614,0.48535344784891526,0.08264779071664903,0.5040732591286309,0.48356845005898336,0.5260700680121648,0.45049879280762756
362,smuggling,0.837889585989936,0.6504772516124339,0.4460094646262862,0.5732265635315065,0.5205089529685367,0.042787900504972436,0.5220280395732971,0.5269702000991374,0.448201403718938,0.5754672379586963
362,human,0.16211041401006396,0.34952274838756625,0.33205891705953916,0.42677343646849353,0.4794910470314633,-0.045217231011162165,0.47797196042670287,0.47302979990086247,0.5517985962810621,0.4245327620413038
363,disasters,0.10191677646232936,0.3953204584591301,0.45086029955618984,0.4150411978431417,0.3550545492123152,0.06859625574582257,0.35780431936540785,0.35856196537797436,0.32242057099482613,0.3507681537028131
363,tunnel,0.5876431756612481,0.36724180376696064,0.34793090915022945,0.3202891481962642,0.3298656676070595,-0.006236029246964331,0.3327477887492542,0.32606334687887095,0.32685329835041,0.35406346766277214
363,transportation,0.31044004787642265,0.23743773777390928,0.2875113123425523,0.26466965396059405,0.31507978318062524,-0.07582206049500394,0.3094478918853379,0.3153746877431547,0.3507261306547638,0.29516837863441475
364,rabies,1.0,1.0,0.32362147108290773,1.0,1.0,-0.02792241037767455,1.0,1.0,1.0,1.0
365,el,0.49785945943800336,0.28959783501930847,0.27255218887815813,0.5240129669678729,0.5049560011600124,0.05881919169551705,0.5039237825839752,0.5124277392256292,0.48324100952631754,0.4311896588459843
365,nino,0.5021405405619966,0.7104021649806915,0.24757270508246834,0.4759870330321272,0.4950439988399876,0.042330284255387436,0.4960762174160248,0.4875722607743708,0.5167589904736825,0.5688103411540156
366,commercial,0.12530436714033527,0.22242143719035,0.3450062799089312,0.3224345765235757,0.3304680503472974,-0.062043137939007204,0.31720347058846526,0.3144863084622428,0.33338030265299057,0.28729004607986336
366,cyanide,0.7774015234028627,0.5098209342166877,0.41748534363866757,0.39017176735584563,0.3482761567030427,0.10221200802350722,0.37275218979804486,0.37150657007267696,0.34022130496667374,0.43323221002588475
366,uses,0.09729410945680207,0.26775762859296226,0.3075123556432159,0.2873936561205788,0.3212557929496597,-0.08321237676200724,0.31004433961348976,0.31400712146508036,0.32639839238033563,0.27947774389425184
367,piracy,1.0,1.0,0.31946637103088676,1.0,1.0,-0.005329948725346009,1.0,1.0,1.0,1.0
368,fertilization,0.12279464820913742,0.46435715209491996,0.31165177958083623,0.31891556123602083,0.32979081537721144,-0.019709589756993936,0.31733034172538865,0.31722709037720154,0.3384055083799906,0.3924583580777784
368,in,0.7587814338768816,0.04512004460021234,0.3371988130035604,0.3450580286811978,0.3362141490044044,-0.13997273166422777,0.27839989466640835,0.29448670144993344,0.30371288234376176,0.2044179510992437
368,vitro,0.11842391791398088,0.49052280330486764,0.328372903105082,0.3360264100827815,0.33399503561838423,0.24886189660136598,0.40426976360820305,0.3882862081728649,0.3578816092762477,0.4031236908229779
369,anorexia,0.7058601912489477,0.32020149508642476,0.3269450916624418,0.33641104276322814,0.3340864080180138,-5.761410104281475E-4,0.3354799093139534,0.33420811218248575,0.28658408713257993,0.33576191776934766
369,nervosa,0.2822230374068794,0.34714639971963024,0.3274673250203924,0.3369483961996128,0.3342178912781736,-0.009085660813715339,0.33262349068212455,0.3321484978046647,0.29242231599834756,0.33241302872537665
369,bulimia,0.01191677134417279,0.33265210519394506,0.31744953225013023,0.32664056103715894,0.33169570070381255,-0.011251131432085044,0.33189660000392207,0.33364339001284954,0.42099359686907234,0.3318250535052757
370,laws,0.19911241881801975,0.37195973249865605,0.3408324847958793,0.336623796130171,0.33416363865298043,-0.0012278761413238013,0.33387948278676477,0.3291822795298571,0.336593834240735,0.3291473607031766
370,food,0.2268771895834849,0.30932154577504334,0.32192948456331877,0.3179542150884904,0.32945261366604317,-0.16215956516145485,0.2800816366009367,0.29953979934824576,0.3613193706576182,0.28934751150048055
370,drug,0.5740103915984952,0.3187187217263005,0.3497406781484691,0.3454219887813387,0.3363837476809765,0.15480253372566735,0.38603888061229846,0.37127792112189706,0.30208679510164665,0.3815051277963428
371,insurance,0.38171539849528086,0.24031226106961812,0.3730315292718648,0.33276634479463185,0.3331791002058315,0.09014990709111217,0.3537233532602192,0.3420517452844834,0.3021981390612061,0.3318825933337387
371,health,0.5683281466463999,0.19623753040931483,0.36186238558019923,0.32280280329985156,0.33046880174150406,-0.01127674693525486,0.32081322233345283,0.3203171798063001,0.3029505895771186,0.293457811361166
371,holistic,0.049956454858319246,0.5634502085210671,0.38610745775393907,0.3444308519055166,0.33635209805266447,0.0030548410443783855,0.325463424406328,0.3376310749092167,0.3948512713616753,0.37465959530509535
372,native,0.08151226462133418,0.33039033821960323,0.4007011380049425,0.34226985596184256,0.3358418082416296,-0.03316163649681557,0.334685221918512,0.33471486796331257,0.330208704516254,0.3201321799790522
372,casino,0.7716718759246735,0.49569577300834294,0.32813941528717694,0.28028927236128776,0.31844390692959673,-0.08708503550515097,0.3160188497047394,0.31817275856151433,0.35733371245603246,0.4023355284888754
372,american,0.14681585945399228,0.17391388877205385,0.4418764439114383,0.3774408716768698,0.3457142848287737,0.00904575897983956,0.3492959283767485,0.34711237347517304,0.31245758302771337,0.2775322915320723
373,encryption,0.01270043909932288,0.5575689489101493,0.3257663189289889,0.29435309759035355,0.3228285526717819,-0.004137853064762342,0.32179337363517785,0.3237270383602196,0.39572756106117074,0.36606991296271946
373,equipment,0.44152310939588035,0.17907328840838166,0.389472907779163,0.35191654315039467,0.33834132108391984,0.09579532962624275,0.35408482692035864,0.3408762782846832,0.3124104368961374,0.2979306840503497
373,export,0.5457764515047968,0.26335776268146893,0.391480293472854,0.35373035925925184,0.33883012624429826,0.003067985573927373,0.3241217994444635,0.3353966833550971,0.29186200204269186,0.3359994029869308
374,winners,0.10255847763779818,0.284289686019645,0.3186955537343517,0.29390894601955475,0.32286670339415385,0.06696845907547944,0.34034020809302723,0.3517903007509452,0.35576629990589903,0.32238509881845884
374,nobel,0.3553505875750201,0.4111863078428511,0.3814225972522818,0.35175738171704457,0.3382246635366171,0.06024271249034,0.3381948382155045,0.3278597343296924,0.33291851048885923,0.3501757292749091
374,prize,0.5420909347871817,0.30452400613750386,0.3842161574802746,0.3543336722634006,0.33890863306922897,0.0077944307808733735,0.3214649536914683,0.3203499649193625,0.3113151896052417,0.32743917190663213
375,hydrogen,0.4159014371573772,0.6492543211873641,0.3091729789590826,0.4521954036228998,0.48782108560105847,0.10665088225395761,0.524966450844299,0.4956077460774258,0.5187607448469881,0.5547526976698095
375,energy,0.5840985628426227,0.3507456788126359,0.37454246016756504,0.5478045963771003,0.5121789143989416,0.0013902706123645615,0.4750335491557009,0.5043922539225743,0.48123925515301197,0.4452473023301905
376,world,0.23251375783815376,0.454627140870368,0.340617763132071,0.47067559109704854,0.49220853625034405,-0.03116787562454601,0.4580763117005895,0.4820502454315583,0.5952643545788173,0.414892634634716
376,court,0.7674862421618462,0.545372859129632,0.38306064631797215,0.5293244089029514,0.507791463749656,0.1461694586112423,0.5419236882994106,0.5179497545684417,0.40473564542118257,0.5851073653652841
377,cigar,0.5682609704622568,0.5777121360702774,0.32908551229501193,0.46720505181602606,0.49145834604586836,0.00231451495612843,0.5009805995772731,0.4847350070334257,0.494784306886567,0.5148073029813455
377,smoking,0.4317390295377432,0.4222878639297226,0.3752851083047794,0.532794948183974,0.5085416539541318,-0.0016092664856681305,0.49901940042272686,0.5152649929665744,0.505215693113433,0.4851926970186545
378,opposition,0.018150725901839648,0.3235475865355334,0.4465169325831765,0.5796613203471602,0.5221504868847774,0.06968584403438441,0.5248820363936664,0.5391735156327032,0.5082598293100019,0.47035428161073306
378,euro,0.9818492740981604,0.6764524134644666,0.32378965319307756,0.4203386796528397,0.47784951311522256,-0.03173108493474173,0.4751179636063335,0.46082648436729684,0.4917401706899981,0.529645718389267
379,mainstreaming,1.0,1.0,0.3289927230977346,1.0,1.0,0.016537897157377524,1.0,1.0,1.0,1.0
380,treatment,0.33220529165157636,0.25043049741997786,0.3202523821500648,0.3473235687330234,0.33662237332385403,-0.029999712904894664,0.3289856097342943,0.3423275275838906,0.33425128784655805,0.31289347466414036
380,medical,0.43831413449534246,0.20799755475965515,0.30191686753009284,0.32743813859317483,0.33194740016649626,0.014928855792524011,0.34422359756177645,0.3287470754530649,0.3256364035603484,0.3096538313953091
380,obesity,0.2294805738530812,0.541571947820367,0.2998884825903312,0.3252382926738018,0.33143022650964965,-0.03647103896470293,0.32679079270392913,0.32892539696304435,0.34011230859309366,0.3774526939405505
381,alternative,0.44023538044884775,0.4752330817502628,0.3403086630340767,0.6051921100836354,0.5230850265272335,-0.09544674962467468,0.4966107349347298,0.5004165036190282,0.5276828647771743,0.4650520502831791
381,medicine,0.5597646195511522,0.5247669182497372,0.22200643883836385,0.39480788991636456,0.4769149734727664,-0.08309997370740965,0.5033892650652703,0.4995834963809718,0.47231713522282565,0.5349479497168209
382,fuel,0.5425485928502679,0.2616603272319683,0.3856206779523616,0.3498402012029915,0.3377687082058633,0.059228691607271906,0.33282676456304416,0.3502690032500681,0.30484512487525234,0.3311030511722986
382,automobiles,0.039354322089239537,0.3336296748968145,0.31320431342013133,0.2841431133993278,0.3201159823984203,0.016643000601475774,0.3194456525648093,0.3135952059534177,0.36665312898073776,0.3109568254815005
382,hydrogen,0.41809708506049265,0.40470999787121703,0.40345163843257886,0.3660166853976809,0.3421153093957164,0.10665088225395761,0.3477275828721466,0.3361357907965141,0.32850174614400984,0.35794012334620096
383,drugs,0.1099475883537436,0.28275371371251257,0.39355589760669063,0.3398762112317653,0.33515545077603986,0.012741254497541921,0.33608842806958894,0.3443006100502135,0.3678758435896451,0.33128785218293616
383,mental,0.5971923877558076,0.3429325346273256,0.35076048685466704,0.3029179490053383,0.32486299303798044,-0.009826681767545893,0.328599030170151,0.3307267387976328,0.31625495706722795,0.33260137074541474
383,illness,0.2928600238904489,0.37431375166016184,0.41362254918857805,0.3572058397628964,0.3399815561859797,0.010403262443574155,0.33531254176026004,0.3249726511521538,0.31586919934312685,0.3361107770716492
384,moon,0.2200488359154708,0.43082822690197825,0.542582608155598,0.4087320180153689,0.35646229562834275,0.04782605235062944,0.3421073961912376,0.33756225269286194,0.3158330884120194,0.37625017258682913
384,station,0.1645045035880151,0.29145768730878713,0.36607860400995196,0.27577007504510265,0.3156754864340016,-0.02541018658873322,0.3181963100389334,0.32622697246181104,0.36993835104237943,0.3248447689770861
384,space,0.615446660496514,0.2777140857892347,0.41881641190254076,0.3154979069395284,0.3278622179376557,0.040441190286362914,0.3396962937698289,0.33621077484532697,0.3142285605456012,0.2989050584360848
385,cars,0.5162287467747155,0.2357553082709928,0.3102042154124761,0.3115204824691661,0.3278974199800526,-0.04028943314248542,0.3205996920329211,0.3257310656318627,0.3181663320044866,0.2972881692623026
385,hybrid,0.11480833940110544,0.45787791392969696,0.2977169415736575,0.29898022228662535,0.3247723003794841,-0.025453641644650343,0.32555571768224245,0.3220480015813283,0.3566333870867437,0.34820040744967223
385,fuel,0.3689629138241791,0.30636677779931015,0.38785354441951087,0.38949929524420873,0.3473302796404632,0.059228691607271906,0.35384459028483645,0.35222093278680905,0.32520028090876973,0.35451142328802526
386,children,0.49330903021478156,0.22391968676281696,0.3494035957286326,0.34514738108038673,0.336314077431229,-0.13234670259022085,0.305644879430114,0.3169005619806371,0.3171224222364928,0.27355223538127665
386,teaching,0.14368189283020086,0.36760476515755014,0.32620108700470335,0.3222275107113974,0.3305312780224541,-0.10379421865501673,0.3157029527825214,0.31698833199671533,0.3443234392013817,0.3373456767407119
386,disabled,0.3630090769550176,0.4084755480796329,0.336726903370325,0.33262510820821584,0.3331546445463169,0.07490366782731782,0.3786521677873646,0.36611110602264757,0.3385541385621257,0.38910208787801154
387,waste,0.6226262498772723,0.3960900780278242,0.2835312263389432,0.49760738551195405,0.49946949517625,0.02371346186678944,0.509786584472223,0.522172955465127,0.493179514981869,0.4496152553729483
387,radioactive,0.37737375012272767,0.6039099219721759,0.2862577972850478,0.502392614488046,0.5005305048237499,-0.015591841862548618,0.49021341552777686,0.477827044534873,0.5068204850181309,0.5503847446270518
388,soil,0.6281769923310473,0.27523432062466413,0.299330733772303,0.305240008064738,0.32641247376296767,-0.043539843611833086,0.3187004924494957,0.3153997764036553,0.3030412514152553,0.3006434460137331
388,enhancement,0.0,0.39446071909130515,0.3563371733779346,0.36337184727040217,0.34073339490216875,0.03697224767731763,0.34552779201928313,0.34686670164523575,0.3830190916411404,0.36220736258205144
388,organic,0.3718230076689527,0.3303049602840306,0.32497265720467583,0.33138814466485983,0.3328541313348636,0.007693038311221656,0.3357717155312212,0.3377335219511089,0.3139396569436043,0.33714919140421545
389,transfer,0.2935958988065666,0.3630249783051055,0.28862524060323336,0.2828865179862932,0.3205307140713635,-0.05337652474737834,0.31526199881331685,0.3323602699914769,0.3168676396112164,0.3224886788920785
389,technology,0.6446600828248391,0.3201480017016129,0.3650033029344044,0.3577459587553934,0.3395288790048216,3.85635854769915E-4,0.33316686453348354,0.3255403846029291,0.33742354714336786,0.325409856355755
389,illegal,0.06174401836859418,0.3168270199932816,0.3666577629918879,0.3593675232583133,0.33994040692381494,0.0556473423054004,0.35157113665319967,0.34209934540559406,0.3457088132454158,0.3521014647521665
390,drugs,0.508049152745528,0.3305699770319858,0.30849336836772967,0.49136884825749017,0.4979378957443362,0.012741254497541921,0.5027442414153709,0.5239710090173089,0.4734664355777207,0.47022060484303924
390,orphan,0.491950847254472,0.6694300229680142,0.3193310642590433,0.5086311517425097,0.5020621042556637,0.0016851099823006965,0.49725575858462917,0.4760289909826911,0.5265335644222792,0.5297793951569608
391,r,0.3880813511286761,0.24434322550861193,0.3398096668149658,0.22378640414773063,0.2427870803159646,0.00460249948197725,0.22661615186046877,0.22812863860925506,0.217433874383577,0.24963867281437177
391,d,0.5422857948500082,0.23767596270636734,0.3337911711046113,0.21982283970289634,0.2416964679419811,-0.004641507619773942,0.2245309078776498,0.2308268945107558,0.21652927963132595,0.2459297460776766
391,prices,0.006128859826152443,0.2698954808230474,0.3767941532017464,0.24814305443177076,0.24948904380319487,0.27829427384262817,0.2883549756573999,0.27941925820023655,0.29686286017925617,0.24409187377697958
391,drug,0.06350399419516321,0.24808533096197333,0.4680603775553342,0.3082477017176023,0.2660274079388595,0.15480253372566735,0.26049796460448166,0.2616252086797526,0.269173985805841,0.2603397073309719
392,robotics,1.0,1.0,0.4065829656215228,1.0,1.0,-0.016155600820911237,1.0,1.0,1.0,1.0
393,killing,0.44979459354438206,0.3966566392509798,0.37882528438517293,0.47753468133698984,0.4936198628954083,0.022085723170716,0.49883782909860364,0.4959893967666808,0.5400444252100937,0.4784319779285447
393,mercy,0.5502054064556179,0.6033433607490202,0.41446847874957415,0.5224653186630102,0.5063801371045917,0.026848145813553898,0.5011621709013964,0.5040106032333191,0.45995557478990634,0.5215680220714554
394,schooling,0.5300445895731607,0.8736608460984379,0.35671540016600345,0.6042081025354894,0.5237504851809944,0.02998914844091841,0.5642781541353715,0.5443169519017352,0.47767506934182147,0.6187624051303618
394,home,0.46995541042683925,0.12633915390156222,0.23366959909019416,0.39579189746451066,0.47624951481900557,-0.20466746817997783,0.4357218458646284,0.4556830480982648,0.5223249306581786,0.38123759486963815
395,tourism,1.0,1.0,0.3474264966804093,1.0,1.0,-0.03887714260289115,1.0,1.0,1.0,1.0
396,syndrome,0.35764040457001944,0.4329190693019265,0.36716552577687545,0.3656193849232731,0.3414304189643888,0.00422626324459194,0.34928927825522776,0.3376497972223837,0.32025329605303765,0.39933255200843076
396,sick,0.28009817934765313,0.3534372319800501,0.31410299960088545,0.31278030603129064,0.3281787971219771,0.014006312406179455,0.35269096813128664,0.33776204157635253,0.3342939706940607,0.3326563844339086
396,building,0.3622614160823276,0.21364369871802333,0.3229603008753297,0.3216003090454363,0.33039078391363413,-0.1431764953126922,0.2980197536134855,0.32458816120126377,0.34545273325290154,0.26801106355766063
397,automobile,0.7674594503733387,0.5122047542507882,0.3140358657941948,0.46121580572944215,0.49014965759233475,-0.02380753827155901,0.5157685903019774,0.5064494969259897,0.45171360360420615,0.538802491536415
397,recalls,0.23254054962666126,0.48779524574921185,0.3668511764387293,0.5387841942705578,0.5098503424076652,-0.08349779190201782,0.48423140969802253,0.4935505030740104,0.5482863963957939,0.46119750846358504
398,s,0.23466955160943365,0.13919126148623967,0.37517737596679407,0.21686422380175696,0.2399956134696523,0.03464358253777274,0.24301464014350205,0.2395982587608741,0.2506621245788655,0.2233527897202476
398,dismantling,0.10098802754099523,0.3419183887377602,0.3695947533259108,0.21363729381251256,0.23902133555548402,-0.013275586031936742,0.23175949904710558,0.23618388192059997,0.26931210668247463,0.283801182418268
398,europe,0.5481411300231129,0.18644325448507026,0.5690035660482796,0.32890180644158407,0.2738221119330875,0.20319499674002117,0.28260359807969293,0.27861390387117085,0.22120635601836758,0.2267163763377991
398,arsenal,0.11620129082645829,0.33244709529093,0.4162347664572539,0.24059667594414644,0.2471609390417761,0.03297302156710923,0.24262226272969947,0.24560395544735505,0.2588194127202923,0.2661296515236852
399,oceanographic,0.4007772004834199,0.6027672280967846,0.4523459948539352,0.5646443435531856,0.5184882199598726,0.025623776174358764,0.5035654108664933,0.49456928271166006,0.4664406676140631,0.5400354159221791
399,vessels,0.59922279951658,0.3972327719032153,0.34877067268836043,0.43535565644681434,0.48151178004012735,0.011100260152026191,0.4964345891335067,0.50543071728834,0.5335593323859369,0.45996458407782087
400,amazon,0.3850833204751057,0.4462992323132576,0.30587693407858246,0.3244440981275896,0.33120779206100626,-0.016564998792963595,0.3314101873137008,0.3258030208627524,0.34057775568968596,0.3561230389721035
400,rain,0.2225972595362856,0.26972954066029137,0.3394805461738207,0.36008749717273625,0.3397306305283167,0.03489700810358565,0.3487524959809656,0.35719306663405004,0.3371553874206802,0.3387052071712971
400,forest,0.3923194199886087,0.2839712270264511,0.29741489823695527,0.31546840469967413,0.3290615774106771,-0.05090662876203695,0.31983731670533366,0.3170039125031975,0.3222668568896338,0.3051717538565994
401,minorities,0.0803155841577728,0.4206570645966685,0.4314294183778708,0.3133191532717276,0.32703700207875286,0.07165667583025156,0.31146838301165186,0.32720938862788296,0.35857187084400394,0.35108929382035453
401,germany,0.6213174367170183,0.3212355491749661,0.5807195754106248,0.42173889379191876,0.36114514933982134,0.30738930529521535,0.3799821734619876,0.36808074043297584,0.3031048238358349,0.3373504462339912
401,foreign,0.29836697912520893,0.2581073862283653,0.36481572053814976,0.2649419529363537,0.31181784858142586,0.06161359872717412,0.30854944352636066,0.30470987093914126,0.33832330532016114,0.31156025994565417
402,genetics,0.8145068790950113,0.5222596050358277,0.3277467248511154,0.47151423015326266,0.4926532105118399,-0.01798470601556019,0.4901208593845612,0.48671085642080936,0.499734001810093,0.5192099355641127
402,behavioral,0.18549312090498865,0.4777403949641722,0.3673473017800288,0.5284857698467373,0.50734678948816,0.021603354725073076,0.5098791406154387,0.5132891435791906,0.500265998189907,0.4807900644358874
403,osteoporosis,1.0,1.0,0.3172475247268727,1.0,1.0,-0.022956441137388164,1.0,1.0,1.0,1.0
404,peace,0.5242963013082866,0.2896522083493066,0.42344204575033434,0.3731975381519516,0.34427293234295664,0.06678735501496354,0.33104272517765904,0.32281281328618305,0.30335501646517976,0.3176735461275513
404,talks,0.40847433170938585,0.2829321969154399,0.4074925528289844,0.3591405696653377,0.34041539651014235,0.1572690443002612,0.3591207717151182,0.3646978040633367,0.3234511652247488,0.3456406106054577
404,ireland,0.06722936698232741,0.4274155947352534,0.3036978747408165,0.2676618921827108,0.31531167114690106,-0.0015498348152614243,0.30983650310722277,0.3124893826504804,0.3731938183100715,0.3366858432669911
405,cosmic,0.8259674442931759,0.6745754685573112,0.30408984945711254,0.4892279839022048,0.49744596979738137,-0.0367211258393743,0.49891880441552705,0.4938844616311013,0.4990425053996724,0.5791632850834632
405,events,0.17403255570682402,0.32542453144268874,0.31748099167019955,0.5107720160977952,0.5025540302026187,-0.03254612639601327,0.5010811955844731,0.5061155383688987,0.5009574946003276,0.4208367149165368
406,s,0.04359065903603731,0.175230538388919,0.41224834395271387,0.3751734699047106,0.34454992683685987,0.03464358253777274,0.34619994804613635,0.3331038727892239,0.3578899905400137,0.289415602013273
406,disease,0.2105321819238545,0.2829095017827549,0.32526528896546086,0.2960130923284622,0.32332844312244313,-0.0458411852182898,0.31926910646365647,0.3204864425521761,0.29323239881575075,0.32938981382283716
406,parkinson,0.7458771590401081,0.5418599598283261,0.36130698480146256,0.32881343776682714,0.332121630040697,-2.3007552384003135E-4,0.3345309454902071,0.34640968465860006,0.3488776106442356,0.3811945841638899
407,preserves,0.09428601326328138,0.34777979679533083,0.33026189398884404,0.3317438259096827,0.3329372893066749,0.007960701709807307,0.3355989168229851,0.3287177791997219,0.33248706834777886,0.3226639927790586
407,poaching,0.3449279564658041,0.40193068006448196,0.3303943857000627,0.33187691212998544,0.3329704492666708,-0.008105246343485344,0.3302497849021936,0.32613316683576443,0.3354646149894976,0.3622707664537094
407,wildlife,0.5607860302709144,0.2502895231401871,0.3348766230960207,0.33637926196033185,0.33409226142665427,0.003612825317867601,0.3341512982748214,0.34514905396451373,0.33204831666272344,0.315065240767232
408,tropical,0.6114764326708729,0.48612404350861355,0.40172534290438294,0.5293276027748888,0.5080675145213189,-0.06593862692587461,0.47260788956246935,0.48471554557288166,0.5037984633420566,0.460170436787343
408,storms,0.3885235673291271,0.5138759564913865,0.357209843544278,0.4706723972251113,0.491932485478681,0.04233680753784048,0.5273921104375306,0.5152844544271183,0.49620153665794353,0.5398295632126571
409,103,0.1375372306015234,0.31878840051066965,0.4768628630243409,0.2842124614329131,0.2601100104259486,0.0774015566739082,0.280465371202737,0.27188873736016117,0.22712014099204697,0.2991084717006062
409,legal,0.009377899986403673,0.19534658115369608,0.31352185721542675,0.18686047008795154,0.23134184800026686,-0.05177233594612032,0.2468392793162335,0.24971675234563986,0.3083803428304382,0.23202328705160208
409,pan,0.46105559168700316,0.2941991916160821,0.44347094041445884,0.26431072184945664,0.25422891370691236,-0.059862426102324805,0.24473329559580137,0.25111446608242394,0.23066660506353037,0.26669769091924284
409,am,0.3920292777250698,0.19166582671955212,0.44398372970938677,0.26461634662967876,0.2543192278668722,-0.12428878237168552,0.22796205388522808,0.22728004421177506,0.2338329111139845,0.20217055032854886
410,agreement,0.775139267544344,0.23129418651476466,0.29941642366280263,0.47860815298482096,0.49490298941147254,0.09672307621338735,0.5242980442328232,0.516140378414678,0.5173641232592479,0.4757032367125587
410,schengen,0.22486073245565602,0.7687058134852354,0.3261818278410714,0.521391847015179,0.5050970105885274,-0.004929890491776769,0.4757019557671767,0.48385962158532203,0.482635876740752,0.5242967632874413
411,salvaging,0.4071874496548787,0.361568214999595,0.32331227263411394,0.2693292195955652,0.31504170712904184,-0.0062464363850838756,0.32711813943851514,0.33794583668345957,0.32313851635471336,0.3505448711178407
411,shipwreck,0.4518730836877788,0.37926271049863164,0.4212060235419703,0.3508777711568388,0.3383473282141441,-0.043874662820001,0.3147318941233426,0.32409351171375766,0.33111091998980874,0.34569124148319735
411,treasure,0.1409394666573426,0.25916907450177346,0.455916892845039,0.3797930092475959,0.3466109646568142,0.08802528061383673,0.3581499664381423,0.33796065160278277,0.34575056365547796,0.3037638873989618
412,security,0.4076508210866128,0.44868034589184014,0.3487082618279275,0.47548827497787566,0.4934234508633377,0.06448255843969922,0.49857610609792447,0.486797024293634,0.5352240981789244,0.476608245277082
412,airport,0.5923491789133872,0.5513196541081599,0.38466053016626583,0.5245117250221243,0.5065765491366623,0.07056271432879986,0.5014238939020755,0.5132029757063661,0.4647759018210757,0.523391754722918
413,steel,0.7865653916432789,0.5763107360272123,0.3620937888811781,0.5746670100045865,0.5178880264065269,-0.005894714125802113,0.47903321037718877,0.5002732625156457,0.4780090795588635,0.5240488701893999
413,production,0.21343460835672115,0.4236892639727877,0.26799943480724653,0.4253329899954134,0.4821119735934732,0.0811272122890161,0.5209667896228112,0.49972673748435426,0.5219909204411365,0.47595112981060006
414,exports,0.2516322307367888,0.33916210556277343,0.2779199382226368,0.2915242406876846,0.32325120366289983,0.03964048565690785,0.36176419864924175,0.35688162461403833,0.3300153527709458,0.3668547900758365
414,sugar,0.3146291054825086,0.2979275795854892,0.26549241258103645,0.2784883822333984,0.32010764787192747,-0.13303626966746485,0.3016777852427826,0.302759029311101,0.34424062223072266,0.2966974827948761
414,cuba,0.4337386637807026,0.36291031485173736,0.40992153857390895,0.42998737707891693,0.35664114846517275,-0.032797218119763175,0.33655801610797564,0.3403593460748606,0.3257440249983316,0.3364477271292874
415,drugs,0.07854955573866616,0.26788076739990313,0.3899676246119446,0.3221413439596615,0.33011559493908205,0.012741254497541921,0.33477634409661494,0.3350170101591135,0.3411849926091412,0.33713951688454963
415,golden,0.29378433542078036,0.2710841368185465,0.3883998995121453,0.3208462901174068,0.32974326216322647,-0.0012075153829547113,0.3301653754365554,0.3372505909324874,0.31858370728867513,0.29952413700206304
415,triangle,0.6276661088405534,0.4610350957815505,0.43218067753976197,0.3570123659229316,0.34014114289769143,0.013594148073490667,0.3350582804668296,0.3277323989083993,0.3402313001021837,0.36333634611338744
416,project,0.7128821096182175,0.2067984334682055,0.2959143333419878,0.31768824500366255,0.32962662118702324,-0.13238612045437745,0.3149038880402556,0.3269553599497843,0.29168639899141746,0.29763104281755826
416,three,0.22115280100456391,0.10091210432846917,0.31763586202656185,0.3410080830414637,0.33515167320867073,-0.09992659091438445,0.3266852026285543,0.3531422168007075,0.3239574766123629,0.2534011283016565
416,gorges,0.06596508937721864,0.6922894622033253,0.31791119168584486,0.34130367195487393,0.33522170560430603,-0.01251686204472503,0.3584109093311901,0.31990242324950824,0.38435612439621974,0.4489678288807853
417,creativity,1.0,1.0,0.38152998644708436,1.0,1.0,0.02407465785637998,1.0,1.0,1.0,1.0
418,income,0.009436493900181617,0.2957374330795224,0.39924865398380915,0.5561597252636075,0.5148334002633966,-0.012507579521857081,0.49910403397127906,0.5110224219003444,0.5083925072391517,0.4298412739586884
418,quilts,0.9905635060998184,0.7042625669204776,0.3186182390109579,0.4438402747363925,0.4851665997366034,-0.00896218777125156,0.500895966028721,0.48897757809965553,0.4916074927608483,0.5701587260413117
419,automobile,0.1659620661521521,0.2851532641499647,0.31408139091640563,0.31159996192688505,0.3278676036054499,-0.02380753827155901,0.3303986538858915,0.31726212201852483,0.36706932149965554,0.3225318904592196
419,recycle,0.10989242659759045,0.3803432396944039,0.3649343393824919,0.3620511419846038,0.34055558051852364,-0.0018913792505627998,0.33781631968722875,0.3529732384797381,0.3341470717366764,0.34490676014411237
419,tires,0.7241455072502575,0.3345034961556313,0.328947778342682,0.32634889608851125,0.33157681587602644,-0.01971137623293413,0.33178502642687985,0.329764639501737,0.2987836067636681,0.3325613493966681
420,poisoning,0.1617429272829284,0.3267560036142446,0.43927170900167306,0.347751460116138,0.33760541679815914,-0.002829775151022141,0.3264903993282317,0.3177271593749741,0.3414512857427909,0.33794982730955836
420,carbon,0.42733644083765165,0.30100027185927697,0.4096238024862607,0.32428055914791254,0.33065100105182904,0.03378587025850028,0.3384789810101872,0.3383032303093981,0.32941765564694253,0.3188985146737872
420,monoxide,0.4109206318794199,0.3722437245264784,0.41428166929218485,0.3279679807359494,0.33174358215001176,0.023253850730743642,0.33503061966158115,0.3439696103156278,0.3291310586102666,0.34315165801665437
421,waste,0.7158175180224003,0.3131344073681893,0.35258153547977245,0.3267438285346455,0.33159014979354196,0.02371346186678944,0.33290818624540564,0.33772626380944387,0.29824229233314303,0.32886026405312885
421,industrial,0.0749187616537575,0.2833507864462091,0.34615355863493885,0.32078690353244704,0.33001430852339503,0.04007998736794453,0.3382305254767302,0.3252335944243841,0.38127804093687656,0.3183319603767432
421,disposal,0.20926372032384213,0.4035148061856016,0.3803412485388036,0.35246926793290745,0.33839554168306296,0.011268997899419198,0.3288612882778642,0.337040141766172,0.32047966672998035,0.35280777557012793
422,art,0.4455599799627497,0.22556972181904997,0.3413793664529889,0.3357117169116601,0.33393542627990724,-0.060298517277449115,0.3237875401732334,0.32354417501735055,0.36151448554630117,0.27641971094763573
422,forged,0.27822315547575827,0.4394488934346827,0.30705047814415126,0.3019527637752363,0.3253892742830711,-0.07429164352118797,0.3189660090709658,0.3285297386066032,0.3435578170049154,0.3475510151826337
422,stolen,0.276216864561492,0.3349813847462673,0.36845264491936447,0.36233551931310376,0.34067529943702174,0.036806479004674784,0.3572464507558008,0.3479260863760461,0.29492769744878344,0.3760292738697306
423,milosevic,0.4641365012329839,0.30271592852793455,0.4176048130764299,0.38871371127431326,0.3479361251658383,0.35964401400688417,0.405724112062276,0.37836302263266236,0.24858745283212633,0.3377456452382444
423,markovic,0.5278348883816606,0.3172830644966563,0.326149075614634,0.3035851447134735,0.32548928058467097,-0.007114432427470666,0.2962816819202896,0.31043028433659314,0.28636068196629577,0.33029858926956457
423,mirjana,0.008028610385355458,0.38000100697540923,0.330570996086999,0.3077011440122131,0.3265745942494907,-0.0013755003100513156,0.2979942060174345,0.3112066930307445,0.465051865201578,0.3319557654921911
424,suicides,1.0,1.0,0.3482030189941711,1.0,1.0,-0.03882089686986281,1.0,1.0,1.0,1.0
425,money,0.4652121706637636,0.2064971775084657,0.3084620447909076,0.4866672668959077,0.49679150172136743,-0.0035917521710729715,0.4876823038590403,0.4940608946150671,0.48134033591907754,0.3742668169630159
425,counterfeiting,0.5347878293362364,0.7935028224915344,0.3253632929154065,0.5133327331040923,0.5032084982786325,0.04674205708131372,0.5123176961409596,0.5059391053849329,0.5186596640809225,0.6257331830369841
426,law,0.3640688905850201,0.22715150077361268,0.25216084155236934,0.2838502232807886,0.32202811222740285,-0.03387892953609367,0.3230091294351832,0.3255257428019331,0.31568633185667316,0.2875277447790155
426,enforcement,0.2875664452495432,0.3488077910031064,0.3169856680091234,0.35682167019780153,0.3386996258194245,0.05097984654851703,0.3513804798031693,0.35257458042292467,0.3121305831839104,0.34018902784883376
426,dogs,0.3483646641654366,0.42404070822328094,0.31921228275458136,0.35932810652140995,0.3392722619531727,-0.026098550753380655,0.32561039076164755,0.32189967677514236,0.37218308495941627,0.37228322737215075
427,uv,0.47509146093829085,0.5813238678453497,0.3297515213507357,0.29526776467430754,0.32300703704653355,-0.004430796638849153,0.32021672743922913,0.3269425102377792,0.32836094171931146,0.38705113926037804
427,damage,0.1796404757566877,0.20817587677904953,0.44408395082221674,0.3976438833394893,0.35077927771628054,0.1988446820241707,0.3855986298990045,0.3864259059769385,0.3432044265598425,0.34999532731819516
427,eyes,0.34526806330502147,0.21050025537560077,0.3429526124134742,0.30708835198620316,0.3262136852371859,-0.08536579997544706,0.2941846426617664,0.2866315837852823,0.32843463172084597,0.2629535334214268
428,declining,0.1534086246384107,0.3740937365038914,0.28025385969898275,0.3044864092036884,0.32656079987138187,-0.02504692308489007,0.32592692683471813,0.3317445933257671,0.31121258556403064,0.34839334824094487
428,rates,0.5518368071808786,0.2832126480475183,0.35495348500363477,0.38564504410100836,0.3456148095154654,0.017776171465880942,0.3402426923161174,0.3430962092639623,0.3358689696016605,0.31703998559271024
428,birth,0.29475456818071066,0.3426936154485904,0.285207659802575,0.3098685466953033,0.3278243906131527,-0.0014051304767294243,0.3338303808491645,0.3251591974102706,0.35291844483430895,0.33456666616634484
429,legionnaires,0.35363376463094587,0.6789578024611094,0.3343074836337031,0.504121483672665,0.5010262875666543,0.11476984920053995,0.538815024706963,0.5187569617195928,0.5059673245476989,0.5412444933062789
429,disease,0.6463662353690541,0.32104219753889063,0.32884117092904297,0.4958785163273351,0.49897371243334565,-0.0458411852182898,0.46118497529303704,0.48124303828040715,0.49403267545230123,0.4587555066937211
430,bee,0.6040639754106678,0.40270766709807737,0.3895423807010127,0.3531377541030106,0.33865762414391903,-0.004526928908852429,0.31930858382290367,0.325122653452117,0.2970885822294235,0.3557315282438677
430,attacks,0.0804258341296529,0.28230752973572537,0.3679286330765332,0.3335439161228595,0.3333899471583061,0.022798476679092204,0.328073498529345,0.3319509792773383,0.3466090742553673,0.31715701674672664
430,killer,0.31551019045967926,0.31498480316619726,0.34561801076040494,0.31331832977412993,0.32795242869777486,0.09931789869218718,0.3526179176477515,0.3429263672705448,0.35630234351520923,0.3271114550094057
431,technology,0.4163685670788827,0.3247961784568058,0.29228435591011087,0.4886671652254263,0.4973910195649245,3.85635854769915E-4,0.5093195772939267,0.49788452703603964,0.4796744943177658,0.44597643729756903
431,robotic,0.5836314329211174,0.6752038215431942,0.3058412737815784,0.5113328347745737,0.5026089804350754,-0.03622466413258823,0.49068042270607337,0.5021154729639604,0.5203255056822341,0.554023562702431
432,police,0.6018593519205744,0.14829240908917624,0.22544921718456015,0.25109927976568935,0.31439115324710737,0.04096318878335533,0.33761094694890526,0.3353811489426978,0.3493423118176616,0.29836255044714094
432,profiling,0.19107280215396527,0.5383791788920108,0.3162588755867253,0.35224063703146014,0.33768853091945594,7.123843107320587E-4,0.32455658310599156,0.3257618786585371,0.34648387884821163,0.355976540215794
432,motorists,0.20706784592546046,0.313328412018813,0.3561408273647488,0.39666008320285046,0.3479203158334366,0.04164621546419889,0.33783246994510313,0.33885697239876517,0.30417380933412663,0.345660909337065
433,greek,0.6827454461112688,0.2795653936665668,0.3094258578836601,0.3362528509092726,0.3340186503673304,-0.027477394888545566,0.3381548473088236,0.3326567811186073,0.32580750912799,0.32917687002630425
433,stoicism,0.10988463828005757,0.4710493627409757,0.33725439186221545,0.3664940982016468,0.34111737176896956,0.008281999446219494,0.3505887099949693,0.34318944931924616,0.32375202518193813,0.3692467062584986
433,philosophy,0.20736991560867366,0.24938524359245742,0.27353754780418615,0.2972530508890806,0.3248639778637,-0.10483635258319468,0.31125644269620706,0.3241537695621465,0.3504404656900719,0.3015764237151971
434,estonia,0.659009678533698,0.6471679161924564,0.5484763582333889,0.5732863958393172,0.5237136813997904,0.11763750887109203,0.485067066045239,0.5037144956278099,0.49022338141409766,0.5395732287375227
434,economy,0.34099032146630215,0.35283208380754366,0.4082467773826146,0.4267136041606828,0.4762863186002096,0.18645111537464754,0.5149329339547609,0.4962855043721901,0.5097766185859023,0.46042677126247733
435,curbing,0.12609755110096288,0.5026806747239676,0.3649016201606644,0.31103687662164137,0.32706527755976256,-0.057322721691273115,0.29653860662076786,0.3103268937452504,0.3636953468389731,0.38165442007658
435,growth,0.5067385669678145,0.24438654548736796,0.3757562058589309,0.3202891688726986,0.32966631343792485,0.3011047232575064,0.4092893618850141,0.36224472906122723,0.2999001301307879,0.34506709913783773
435,population,0.3671638819312226,0.2529327797886645,0.4325201717923697,0.36867395450566004,0.34326840900231265,-0.06484591276791449,0.2941720314942181,0.3274283771935224,0.336404523030239,0.2732784807855824
436,railway,0.7341355215792092,0.5587346918964301,0.43710137066567817,0.5775395969860389,0.5212869475210388,0.08955418059608695,0.538029572348757,0.5220791513824699,0.4756334598122915,0.4839837947948757
436,accidents,0.2658644784207907,0.44126530810356984,0.31973222645345484,0.42246040301396115,0.4787130524789611,-0.06447184945272517,0.4619704276512429,0.47792084861753015,0.5243665401877086,0.5160162052051244
437,deregulation,0.06689009388842354,0.4480018005468441,0.32372125163412063,0.34002950310001934,0.33494642807415376,-0.007305883478893181,0.3254395739839505,0.31835343907943003,0.38718325387660424,0.35783771896840977
437,electric,0.257049861060099,0.29525471890665916,0.3312380299128609,0.34792495750757196,0.3368484282361829,0.06015193934715712,0.3475545888279292,0.34303565728844626,0.30795339548544953,0.321919335350095
437,gas,0.6760600450514775,0.25674348054649687,0.29707943474905213,0.3120455393924086,0.32820514368966325,-0.002528282990209393,0.32700583718812026,0.3386109036321236,0.3048633506379462,0.32024294568149525
438,tourism,0.738820674302265,0.6536435059707247,0.3692440859858512,0.5327033589272169,0.5084170460459253,-0.03887714260289115,0.48737537496486794,0.4962822652273781,0.45741720607907776,0.5173077927125774
438,increase,0.26117932569773505,0.3463564940292753,0.3239073270809866,0.46729664107278324,0.49158295395407464,0.010915343068785777,0.5126246250351321,0.5037177347726218,0.5425827939209222,0.4826922072874226
439,inventions,0.3319422101975659,0.3953756010016314,0.3108950836240744,0.33087265648724856,0.33274644827527866,-0.04057912348387089,0.3189191893829663,0.3235109412463261,0.3339866153733624,0.32784285033816235
439,discoveries,0.2775453257225624,0.3535377961222106,0.2961513660382283,0.3151815334650995,0.32900402851770255,0.035274526933839666,0.3441335507702219,0.346748050913043,0.32205057681548227,0.3460566501408016
439,scientific,0.39051246407987167,0.2510866028761579,0.3325751163042882,0.3539458100476519,0.33824952320701884,0.013655641127759702,0.33694725984681184,0.32974100784063093,0.34396280781115546,0.32610049952103604
440,child,0.5476788784111616,0.4702418584808915,0.34444465883579234,0.42168153358343996,0.47728893586491644,-0.06675176641029543,0.4638939677808887,0.46878067137132085,0.5049183738505524,0.46124714420565327
440,labor,0.45232112158883836,0.5297581415191084,0.4723913451236638,0.5783184664165599,0.5227110641350836,0.07852233987570907,0.5361060322191114,0.531219328628679,0.4950816261494475,0.5387528557943466
441,disease,0.5064376523240347,0.3262562492903643,0.3247101436381107,0.5058440536113378,0.5014199535852011,-0.0458411852182898,0.487162158516527,0.49385961964931113,0.5177563924993396,0.45021579730970673
441,lyme,0.49356234767596524,0.6737437507096357,0.3172073432235611,0.4941559463886623,0.4985800464147988,0.0044473661401609,0.512837841483473,0.5061403803506888,0.48224360750066053,0.5497842026902933
442,heroic,0.5931870115336524,0.5822500759072117,0.353225022510158,0.5163553879142556,0.5041683981834514,-0.011811558000102316,0.49615972094510463,0.5021836937735791,0.49811812168398356,0.5205277900704941
442,acts,0.4068129884663476,0.4177499240927883,0.33084844854813855,0.48364461208574444,0.4958316018165485,0.0034856102943056117,0.5038402790548954,0.4978163062264209,0.5018818783160164,0.4794722099295059
443,africa,0.143649393901675,0.29032820472374415,0.4259317909928632,0.26169023781816647,0.25338104737541134,0.024024726521363435,0.2484156451193438,0.2576274121098343,0.2703579303754315,0.2600970195980731
443,s,0.3922771082284718,0.16975499671361083,0.3973506981607344,0.2441301656692711,0.24830232812482486,0.03464358253777274,0.2509916473382616,0.24582669029523077,0.22202851139293397,0.2229847015955479
443,u,0.3411371763275099,0.3092829880536831,0.4154598324963221,0.255256321948694,0.2515202319923151,-0.017893041274505292,0.23824691670948708,0.24537310525201336,0.24227855603815732,0.27018505087195244
443,investment,0.12293632154234316,0.23063381050896195,0.38887586748871666,0.23892327456386836,0.24679639250744873,0.08144789585468573,0.2623457908329073,0.25117279234292156,0.2653350021934773,0.24673322793442667
444,supercritical,0.0,0.0,0.0,0.0,0.0,0.0,0.0,0.0,0.0,0.0
444,fluids,1.0,1.0,0.32451871810050115,1.0,1.0,-0.01159241740059574,1.0,1.0,1.0,1.0
445,clergy,0.4199426283020399,0.7013997525668962,0.31392568053716347,0.45162199923476176,0.4875226132599288,0.0037560714729575153,0.5257881700923235,0.5175609781229743,0.47677427908287817,0.5820323266623323
445,women,0.5800573716979601,0.2986002474331037,0.38118146895751576,0.5483780007652382,0.5124773867400713,-0.09470575697708879,0.4742118299076765,0.48243902187702575,0.5232257209171218,0.41796767333766766
446,tourists,0.5249008658597504,0.5630227513914751,0.33607719400314634,0.55193719774709,0.5121218711868792,-0.020953308218884126,0.4982136489985909,0.4806213131162471,0.47899369937595343,0.48185892982495887
446,violence,0.4750991341402496,0.43697724860852494,0.27282757881331526,0.4480628022529099,0.4878781288131208,-0.013932540956466365,0.5017863510014091,0.5193786868837529,0.5210063006240465,0.5181410701750412
447,stirling,0.9261898514543481,0.61769342370245,0.3071621083069539,0.4317234106760419,0.4820845539501706,-0.027294832565125784,0.49480813446460703,0.4812776540336914,0.49945803951351714,0.5277659719029387
447,engine,0.07381014854565196,0.38230657629754994,0.4043168171142188,0.5682765893239582,0.5179154460498293,-0.006882256121255645,0.505191865535393,0.5187223459663086,0.5005419604864829,0.4722340280970613
448,ship,0.8215472041122232,0.5289081143391468,0.4199416298187996,0.5165926500427495,0.5047951382350502,0.06870395764314477,0.49980529383300776,0.5099753782528373,0.47373190724390074,0.4838892495311868
448,losses,0.17845279588777677,0.4710918856608533,0.3929650768175575,0.48340734995725054,0.49520486176494977,0.06953661489511713,0.5001947061669922,0.49002462174716266,0.5262680927560992,0.5161107504688132
449,ineffectiveness,0.4080846556373269,0.548674766708745,0.3422361999990081,0.43625490345820506,0.4820407891980395,0.002906276109006661,0.4775287378944319,0.4885252067616847,0.509796210906859,0.4895179074594171
449,antibiotics,0.5919153443626731,0.4513252332912549,0.4422505697452217,0.5637450965417949,0.5179592108019605,0.09729460505915623,0.522471262105568,0.5114747932383154,0.49020378909314105,0.510482092540583
450,hussein,0.49537360946680636,0.40829671053257627,0.8175079271196453,0.4577442428924271,0.3797591412059345,0.7386280797748906,0.44970928853904396,0.4024856071733449,0.2737154871712045,0.36728981130729454
450,king,0.28002415489346527,0.2908100434095666,0.5188952980821084,0.29054315864300223,0.31736553407803764,0.06070012938520525,0.27435810228076674,0.30835319189668164,0.36328488818248406,0.3150341569751266
450,peace,0.2246022356397284,0.30089324605785706,0.4495458933582474,0.2517125984645706,0.3028753247160278,0.06678735501496354,0.27593260918018925,0.28916120092997344,0.3629996246463114,0.31767603171757886
