query,term,rmn,nidf,qacf2,qacfn2,qacfs2,cacf2,cacf2s,scacfs,ccfq,ccfc
Document out of time window 1295122370, ignoring
MB01,bbc,0.3021663940558233,0.1979971868795129,0.6208400387635736,0.20729712623624763,0.20273352921367926,0.49397588220583355,0.21414691021115578,0.20882750809861814,0.1889996526109899,0.22919444541624254
MB01,world,0.18503026826039615,0.15244033372420804,0.6966846315083451,0.23262146927936286,0.21222011739708274,0.5614382345515266,0.22381698218653193,0.2056648838449822,0.19297719949701556,0.15940151715497625
MB01,service,0.1952349894466342,0.19325382475072367,0.7296351895074502,0.24362358827075167,0.2163415499585676,0.40001838702463044,0.20067901723919812,0.20442100102368618,0.19469573403332832,0.18739832573644127
MB01,staff,0.10235194182264593,0.22458785918686464,0.3997098182818625,0.13346223098506835,0.17507471715209272,0.2509754144231448,0.17931515691759176,0.1910714838692316,0.2372514889637935,0.21221589554284112
MB01,cuts,0.21521640641450052,0.23172079545869076,0.5480586648238932,0.18299558522856949,0.19363008627857775,0.2699985157365213,0.18204193344552239,0.19001512316348204,0.18607592489487276,0.21178981614949882
MB02,fifa,0.30139011318454095,0.30530789354621757,0.4559702063141954,0.3676660653598392,0.34337503968313415,0.26847773941536845,0.335477020183266,0.34322854953690013,0.3046925771997117,0.2974178891853777
MB02,soccer,0.14591063573100096,0.28616590773015804,0.39363563645464067,0.3174033382807629,0.3286740964177219,0.45426605800403047,0.38461285407949974,0.3501625775000559,0.3492781543749343,0.3253516101114636
MB02,2022,0.552699251084458,0.4085261987236244,0.390569004120914,0.31493059635939796,0.32795086389914396,0.05837283084449337,0.2799101257372342,0.30660887296304384,0.34602926842535414,0.3772305007031588
Document out of time window 1295386489, ignoring
MB03,aristide,0.4060634529902183,0.40301118630466964,0.5460586811029594,0.3955766462545752,0.35294824825807886,0.2212751248100958,0.3288927156103023,0.3356936137899031,0.3221554730891576,0.3677697419614155
MB03,haiti,0.42221146325736825,0.3240478688486976,0.48532859690359437,0.3515824678526881,0.33908423578771124,0.11686115256696704,0.3007737486543174,0.3133580381526822,0.3133155759127547,0.3428461467196473
MB03,return,0.17172508375241347,0.27294094484663284,0.34902454931739985,0.2528408858927367,0.30796751595421,0.3751570454740207,0.37033353573538025,0.35094834805741476,0.3645289509980877,0.28938411131893726
Document out of time window 1271723317, ignoring
MB04,mexico,0.3383638694931697,0.3331088043534264,0.3575254230806116,0.29808595133274957,0.3232662271552974,0.5276001137309493,0.36805936085503194,0.34621311247426423,0.339838838305416,0.31849922772043143
MB04,war,0.1763317156125051,0.3154530846509845,0.3797403522304206,0.31660759444375536,0.328556246930017,0.32992145060979144,0.32043074277032224,0.3296028248207228,0.3879408628247306,0.32766463200529294
MB04,drug,0.48530441489432513,0.351438110995589,0.4621380257809237,0.3853064542234951,0.34817752591468565,0.29289621115669406,0.31150989637464593,0.324184062705013,0.2722202988698535,0.3538361402742757
Document out of time window 1291997803, ignoring
Document out of time window 1278709010, ignoring
MB05,computer,0.14662275178949802,0.2632521612291832,0.26311375583221064,0.20998815653484781,0.29699406113199145,0.4004065316612291,0.35700845625196304,0.34900684339062793,0.4088823733691762,0.288232344465673
MB05,security,0.4280933530870442,0.2818509063821465,0.4416728701744884,0.352494195926954,0.3389784004488449,0.379225780628579,0.3516088047525848,0.3429501783202269,0.2871606677863479,0.32917453190883045
MB05,nist,0.42528389512345766,0.4548969323886703,0.5482066864449323,0.4375176475381983,0.36402753841916363,0.1429821444189576,0.29138273899545214,0.3080429782891452,0.303956958844476,0.38259312362549663
MB06,nsa,1.0,1.0,0.3448084944883903,1.0,1.0,-0.06965621606286847,1.0,1.0,1.0,1.0
Document out of time window 1295574067, ignoring
MB07,murder,0.17705824311960855,0.2285829778603057,0.4181238885351514,0.2168752181548163,0.23922682340098206,0.18452684682000461,0.2532660200191844,0.2539041208513266,0.29793388544761207,0.21749857656204988
MB07,arrest,0.0518948421485338,0.24971104552219267,0.5171691529208456,0.2682486601174442,0.2559350138231708,0.11609146625014277,0.23863371640195719,0.24487832079016464,0.23769947187486504,0.2319473697232382
MB07,pakistan,0.42772219351888185,0.23362317132789437,0.5421499911100665,0.281205883755055,0.26014909315306217,0.26551241936743614,0.270581704921664,0.26369481684266877,0.2330661041040705,0.28813273835875547
MB07,diplomat,0.34332472121297575,0.2880828052896073,0.4505037936899168,0.23367023797268452,0.24468906962278497,0.11087586611945485,0.2375185586571943,0.23752274151584002,0.23130053857345234,0.2624213153559565
MB08,hacking,0.445570450005741,0.28966077578106675,0.5289315515247949,0.26720831414063767,0.2556967209763678,0.1796148355666209,0.22793895801442787,0.2493300883984725,0.23211012766697542,0.27635841976624836
MB08,phone,0.40562509648249395,0.17430963713846084,0.5359737625202212,0.2707659338789306,0.25687445209072574,0.661542695919187,0.32106268875669236,0.2751700438653489,0.2455975009598774,0.19973032899257956
MB08,british,0.12246737395908232,0.24361014307023388,0.4607556390419371,0.23276686214741107,0.24429506126566766,0.16270197230859723,0.22467085701074502,0.2419057661567362,0.2877379543833849,0.2550517792344381
MB08,politicians,0.02633707955268263,0.29241944401023845,0.45381170376460883,0.2292588898330206,0.24313376566723865,0.1712753035339439,0.2263274962181346,0.23359410157944227,0.23455441698976212,0.26885947200673405
MB09,recall,0.46070451509125465,0.5096102644971909,0.7546735736481419,0.4981414474432219,0.49919895181574075,0.24581665409936504,0.464252771134298,0.48189276456434127,0.4999786124057739,0.47826507072365176
MB09,toyota,0.5392954849087453,0.4903897355028089,0.760304907908865,0.501858552556778,0.5008010481842593,0.437671160212416,0.5357472288657019,0.5181072354356587,0.5000213875942261,0.5217349292763482
MB10,protesters,0.3535698016773672,0.25622155909621036,0.6869490474102639,0.28204375023643846,0.26212722828520224,0.5851167299783381,0.2677217292837561,0.258107613290655,0.2354291866170328,0.2644522332235474
MB10,museum,0.21901292312152143,0.26235315836646594,0.5852866458171321,0.24030376222500544,0.24633037680866568,0.27770762243052377,0.21580120108934248,0.23369479973637874,0.24796230027807906,0.25630563995014866
MB10,attack,0.10248104412101067,0.24381359699054778,0.41544639453834786,0.17057168880215837,0.21993968386668564,0.3246556033520094,0.2237305821885204,0.23813638708762752,0.3035597217189803,0.22877809201249028
MB10,egyptian,0.32493623108010067,0.23761168554677578,0.747929574731268,0.30708079873639776,0.27160271103944655,0.7332823754068234,0.2927464874383811,0.27006119988533883,0.21304879138590765,0.25046403481381363
MB11,kubica,0.5193410627475575,0.5288537051218041,0.8639515352093379,0.5354911351369859,0.5158468577069809,0.8690168710905407,0.5929770927857031,0.5466551555012084,0.4761214574802033,0.5490525499867185
MB11,crash,0.48065893725244235,0.471146294878196,0.7494300476404463,0.4645088648630142,0.4841531422930192,0.2829039936940074,0.4070229072142968,0.4533448444987917,0.5238785425197967,0.45094745001328146
Document out of time window 1295663717, ignoring
MB12,assange,0.17005104105820665,0.25434261601432684,0.5971763942486145,0.20577514098735064,0.23140500577096232,0.6439011463535009,0.2665646988284563,0.2575080857097186,0.2768891290545173,0.2737415766647908
MB12,peace,0.3060692113213176,0.20415980695081065,0.7681031099912521,0.264673097050569,0.2561695200633517,0.2520429016706094,0.20302342372864526,0.2227159564112921,0.23218022685547743,0.21652265945361698
MB12,nobel,0.374940547765846,0.2687699926796962,0.8283085738703906,0.2854187057806772,0.2648923172237428,0.6800783467471688,0.2724309667295318,0.2637151207690252,0.2309004567692637,0.2523931147370636
MB12,nomination,0.14893919985462967,0.27272758435516625,0.7084942209626124,0.2441330561814031,0.24753315694194314,0.590965032965388,0.2579809107133667,0.2560608371099642,0.26003018732074157,0.2573426491445286
Document out of time window 1294862086, ignoring
MB13,half,0.13792263958907136,0.198563167024915,0.7394032313107547,0.25611892972362155,0.25256500391326897,0.16348867491250738,0.2176527932271664,0.2295109339755142,0.2466954506253775,0.2504382235576709
MB13,oprah,0.34721806298087887,0.2633516328270471,0.7086642603742652,0.24547138045188943,0.24810164074645805,0.35016075967090804,0.2525733743563807,0.25647764689206826,0.2423254220495396,0.26337028381078764
MB13,winfrey,0.30569771046198924,0.32315525756430163,0.7160438848130924,0.24802757906314538,0.24917317772058817,0.3215215504121022,0.24721586291221892,0.25212520932613824,0.2662478067753282,0.278471775097859
MB13,sister,0.20916158696806056,0.21492994258373616,0.7228413064162126,0.2503821107613436,0.25016017761968484,0.510446949244189,0.2825579695042339,0.26188620980627936,0.24473132054975466,0.20771971753368237
MB14,the,0.31927578868521206,0.11758640341349944,0.604356476086937,0.31362282426205973,0.27068532260975026,0.7540587113943067,0.27165727241701204,0.2546467285623995,0.23152337349846247,0.2149709200903163
MB14,release,0.19847140549950362,0.36270807321346993,0.4272278848799278,0.22170427746069982,0.24080037461413922,0.5076392291478503,0.2334934162230124,0.24928605361551828,0.25885155436208807,0.28308962818936556
MB14,of,0.14469637047822861,0.15345571609598768,0.4110713957415736,0.21332008046071427,0.2380744689068721,0.7563091577281943,0.27200580699502447,0.25708701333248474,0.24601668110306518,0.2097570222798435
MB14,rite,0.3375564353370556,0.3662498072770429,0.48436112259223246,0.25135281781652624,0.2504398338692385,0.4388740144197207,0.22284350436495118,0.23898020448959742,0.2636083910363844,0.2921824294404747
Document out of time window 1294096116, ignoring
MB15,thorpe,0.17777739099747855,0.28122557438625045,0.8025700829256242,0.31174202973937803,0.2379797403430543,0.4693384804029655,0.20769438813046523,0.20752035396496032,0.17461170362846073,0.2566647491330509
MB15,in,0.06047811942584209,0.07504782329375398,0.4533127540117134,0.17608012190937228,0.19186992789518476,0.7731663702956719,0.2506411621582781,0.219772233836128,0.19910473664709546,0.14290536657332986
MB15,2012,0.34687271505207473,0.19426720593112284,0.5169729993093043,0.20080764976642151,0.20027451021328646,0.3976512884673207,0.19756123796496924,0.20156228038745538,0.21412474567513265,0.18241028452894623
MB15,olympics,0.3732548134809841,0.2540318241785953,0.42816088368624167,0.16631038930431227,0.18854931604996703,0.05920863383104453,0.1497215869863506,0.16805088669546484,0.19269126078427398,0.23425126620869757
MB15,return,0.04161696104362057,0.19542757221027754,0.37345193158833456,0.1450598092805158,0.18132650549850748,0.3751570454740207,0.1943816247599369,0.20309424511599142,0.21946755326503703,0.18376833355597544
Document out of time window 1294030803, ignoring
Document out of time window 1295447948, ignoring
MB16,known,0.3247672634410862,0.26233182492019935,0.4141291055645607,0.22455159244327855,0.20661566437239987,0.25120553284011027,0.16930138741134387,0.19458645243924258,0.21112073398463696,0.2141677284441565
MB16,release,0.03729520331297977,0.24742981428948777,0.3312122097545474,0.17959189088062358,0.19450083733993923,0.5076392291478503,0.2039995880062316,0.20875811317010615,0.2495857896306655,0.21438918966305856
MB16,and,0.17918401253576388,0.09825985772209776,0.3450994647035624,0.187121922389073,0.19652987726020457,0.7713547686489277,0.23968309926606307,0.2147277035684431,0.193342486743393,0.16029735972404827
MB16,of,0.052954964120031714,0.10468341385096169,0.35665515831470446,0.19338772058413378,0.1982182572697489,0.7563091577281943,0.2376472684321397,0.21529082371612665,0.19557848761659777,0.15885300468383984
MB16,unknown,0.4057985565901386,0.28729508921725333,0.3971533099469326,0.21534687370289107,0.2041353637577074,0.10389461530137314,0.14936865688422166,0.16663690710608156,0.1503725020247068,0.2522927174848968
MB17,stripes,0.3873595306998746,0.349103843339915,0.7780771737318272,0.37007296945641405,0.348471993265718,0.5822496934331062,0.36818905710809485,0.34996687109738717,0.29319663889048,0.36629483571692417
MB17,breakup,0.1590072210041623,0.4068416272596393,0.540683546340541,0.25716262124845823,0.3019469988797896,0.10530040908456055,0.25720309324821566,0.3025488160752465,0.4134630293009845,0.36657508861567184
MB17,white,0.453633248295963,0.2440545294004456,0.7837359169414477,0.3727644092951278,0.34958100785449236,0.6098337085622508,0.3746078496436894,0.3474843128273663,0.2933403318085354,0.267130075667404
Document out of time window 1290078664, ignoring
MB18,the,0.1292550633013639,0.05286323868247951,0.40690848978083927,0.14466383158561513,0.1433750212211433,0.7540587113943067,0.1717309152503494,0.15183699795548666,0.13686037968204307,0.11154900459321385
MB18,date,0.0342296439861784,0.1495121750407024,0.4663371765511318,0.16579187818627053,0.1494312709976747,0.5324902158345676,0.1500382773209891,0.1475307858053375,0.14787695854966848,0.13572365083806445
MB18,william,0.23267636528382793,0.18119190650419703,0.34610282393131386,0.1230462423123005,0.13717844646531147,0.41608754692984,0.13864188748595205,0.14249683848166714,0.15058773985070545,0.16031068531144235
MB18,kate,0.2465869926371005,0.1821759082492136,0.3863471712018479,0.1373538854852243,0.14127966142410575,0.22493399735501646,0.11992702132520465,0.13434536905493788,0.13917514308959783,0.16759870242816197
MB18,and,0.22625533783195054,0.06475569724871127,0.36591392020059904,0.13008946988361483,0.13919735271874184,0.7713547686489277,0.17342428373526025,0.1528911003965394,0.1338269478323535,0.1098331472219962
MB18,save,0.05837417560630933,0.14989781701917868,0.41840655360387663,0.14875161547371346,0.14454676419988302,0.4120022544529681,0.1382419173985421,0.14367663301893308,0.15091925860328106,0.13018640484223706
MB18,fax,0.07262242135326948,0.21960325725551766,0.42277048403144424,0.15030307707326132,0.14499148297313996,0.10306751517768438,0.10799569748370239,0.12722227528709823,0.14075357239235042,0.1847984047648841
Document out of time window 1295122370, ignoring
MB19,cuomo,0.32039959889927,0.403886766888824,0.5349961384016987,0.3702962462562316,0.3453481564550003,-0.0036730012519951235,0.2778126747610963,0.29962257972947154,0.36928151290723393,0.3673791324026401
MB19,budget,0.39815831145493447,0.29564216614265126,0.43695168960130726,0.3024350249294592,0.32328981454990746,0.32000113387589046,0.36806494870715795,0.3571427420552994,0.31243125429459373,0.3095413555717923
MB19,cuts,0.2814420896457955,0.30047106696852466,0.4728308966279229,0.32726872881430913,0.3313620289950922,0.2699985157365213,0.3541223765317458,0.3432346782152291,0.31828723279817234,0.32307951202556756
MB20,filling,0.07743167881953657,0.26875923108544275,0.47594309904089943,0.17656946395713405,0.22043804988862187,0.05768141412709504,0.19947811925772554,0.21189278290714905,0.32842319268622994,0.2653794842546008
MB20,lawsuit,0.20646053990400243,0.2694053166602298,0.6632904735965242,0.24607320414314401,0.24841913528793827,0.22893706718288387,0.23177683901164695,0.2519787941449567,0.24535219557645305,0.2608546711361016
MB20,bell,0.33181980362348046,0.2266008881322111,0.7745145251033294,0.2873360592896363,0.26503089561311893,0.45856788281919514,0.2750850815645832,0.2651512789610634,0.2145137438501121,0.23818304619479902
MB20,taco,0.3842879776529807,0.23523456412211632,0.7817525192653934,0.29002127261008553,0.2661119192103209,0.5570563984495708,0.2936599601660443,0.2709771439868308,0.21171086788720483,0.23558279841449864
MB21,residency,0.17470721351740476,0.27228654099671823,0.4460063543569329,0.2214687644809101,0.24044576174587554,0.017437660492900013,0.21073749505027656,0.2370386718262514,0.23098979089950844,0.26197555058329897
MB21,emanuel,0.30410599416411405,0.2327719688742551,0.6321071897094006,0.3138789323445546,0.2713911009437574,0.40544737067233977,0.2911042807055138,0.2680256309192159,0.20112609284845764,0.24921677170450796
MB21,rulings,0.16026902189319692,0.30733633987716835,0.35145642091343965,0.1745190815068311,0.224723748698462,0.004687218048094695,0.2080965506406709,0.2206724785799038,0.3615387389177897,0.2652009675496961
MB21,court,0.36091777042528433,0.1876051502518584,0.5842867312559495,0.29013322166770433,0.26343938861190497,0.40041367825612395,0.29006167360353863,0.2742632186746289,0.20634537733424407,0.22360671016249703
MB22,law,0.3480073197205785,0.2763450641351258,0.732946083346054,0.3781262675762766,0.35091506533924743,0.45528738326588075,0.3651539786155314,0.3522536372762315,0.33243721520476655,0.2822933129317838
MB22,healthcare,0.26767445001789003,0.3300614593704601,0.5896846968563496,0.3042178388500424,0.3219051732925444,0.18557277589584398,0.2974784369291364,0.3177509925208246,0.33675821975543146,0.3410164900583801
MB22,unconstitutional,0.38431823026153134,0.3935934764944141,0.6157325290807901,0.31765589357368085,0.3271797613682082,0.3445472812379453,0.33736758445533227,0.3299953702029438,0.33080456503980205,0.3766901970098361
MB23,service,0.039242535795751946,0.275120273537063,0.3486530564803941,0.30549681884023694,0.3256620408988833,0.40001838702463044,0.3643121063687968,0.3560072025501858,0.39135165964149415,0.30117380682667444
MB23,amtrak,0.7001524409312799,0.4337735827782033,0.37432151749556575,0.3279880405258284,0.3318602572309246,0.07431489118566742,0.2795577004834935,0.29229154974286226,0.2867835316506782,0.373065832020516
MB23,train,0.2606050232729681,0.29110614368473375,0.418291177346728,0.36651514063393464,0.3424777018701919,0.36857603649520243,0.35613019314770966,0.35170124770695194,0.32186480870782774,0.3257603611528095
MB24,super,0.33797500569084665,0.2653944011904748,0.6686833630516695,0.3381399660426432,0.3352429697764134,0.8325851452951172,0.37069801595726876,0.3482814483016395,0.35986684485316756,0.3202586420256801
MB24,bowl,0.3091032254628237,0.3037073575832757,0.673899032898978,0.34077742724252985,0.33629081185820137,0.8571977092571195,0.3756766815607523,0.351702219851265,0.36072356850213966,0.3538696752430981
MB24,seats,0.3529217688463297,0.4308982412262494,0.634951850821416,0.32108260671482697,0.32846621836538525,0.2538237103837989,0.25362530248197895,0.30001633184709553,0.2794095866446928,0.32587168273122163
MB25,screening,0.1857360392348948,0.35623273536003086,0.447898573434701,0.35988712942937534,0.34111921911766574,0.14223406710213524,0.316298727624954,0.3251317527898317,0.312053383292371,0.32941850103688614
MB25,tsa,0.5315282638754502,0.36991440077253546,0.3947589625189664,0.31718937782725787,0.32859973542428017,0.06949219899883333,0.29615560548492825,0.3097510629746972,0.307902282406935,0.3333215658588291
MB25,airport,0.28273569688965505,0.27385286386743374,0.4018953719118448,0.32292349274336685,0.33028104545805403,0.39952464116325687,0.3875456668901177,0.3651171842354711,0.38004433430069384,0.3372599331042847
MB26,unemployment,0.9156274260946666,0.6509861631010434,0.6342869996988237,0.6193121531931193,0.5404066906054722,0.35048168339871205,0.4399958156478872,0.47872166960971757,0.4443020467603565,0.6039856713558528
MB26,us,0.08437257390533345,0.3490138368989566,0.3898928043442512,0.3806878468068807,0.45959330939452775,0.7188240585437387,0.5600041843521129,0.5212783303902825,0.5556979532396435,0.3960143286441473
MB27,reduce,0.2648494274562825,0.33589737133311914,0.4012676576445593,0.36388928881164234,0.3415460903373121,0.10471187694969339,0.3198509983504602,0.3191889560171155,0.29730002652209436,0.34544400727928837
MB27,consumption,0.3496985171984199,0.3879570860728983,0.39509142307926853,0.35828837490622034,0.34004069002547793,0.036103381566677806,0.29998654663100094,0.3218565063464125,0.33042884981572856,0.34216081146758665
MB27,energy,0.38545205534529764,0.27614554259398244,0.3063599879109867,0.2778223362821373,0.3184132196372099,0.313017565664038,0.38016245501853896,0.3589545376364721,0.3722711236621771,0.31239518125312504
MB28,auto,0.25374090347853967,0.34718117100120377,0.3765008806873515,0.306319557674527,0.3254822890478546,0.29139819477497264,0.3553916423101072,0.351778889483739,0.4102795190462949,0.32124428546410827
MB28,show,0.14071264071267361,0.24753794398935808,0.4472070430456037,0.3638457986195744,0.34220120575690993,0.2306967490138561,0.338686658063633,0.33465024870679094,0.3769814460812504,0.30844331984484724
MB28,detroit,0.6055464558087867,0.40528088500943804,0.4054035425593605,0.32983464370589854,0.33231650519523553,0.11163765155489094,0.3059216996262598,0.3135708618094701,0.21273903487245477,0.37031239469104443
MB29,and,0.11203090163987278,0.1122428909141185,0.4259809821517514,0.21226356588544767,0.237392502818008,0.7713547686489277,0.29637696681591896,0.2673278474439696,0.28321297567002235,0.18737676657618915
MB29,warming,0.3834789222478969,0.34879840423311637,0.5865041590552441,0.29225122581496454,0.26411585972275153,0.16956617521840364,0.19568777617942362,0.22216575758011398,0.19738503576375807,0.2772731562336331
MB29,weather,0.09327058380059242,0.24893409373361264,0.45227040012743797,0.2253634126823272,0.24176907642522374,0.793824472721604,0.3001365201567726,0.2757757003851541,0.31601843160008924,0.25177403658562264
MB29,global,0.41121959231163785,0.2900246111191524,0.5420937282271675,0.27012179561726063,0.2567225610340168,0.24194969463785554,0.20779873684788483,0.23473069459076226,0.2033835569661304,0.28357604060455516
Document out of time window 1226451823, ignoring
MB30,keith,0.46569550234055695,0.3013151303953509,0.5825894797196559,0.24220799952469535,0.24707394955672107,0.2824930830596302,0.21145572778605362,0.2321592436803117,0.2121793602130882,0.27702090039003724
MB30,new,0.06937497677117946,0.14916680998492673,0.6078657647873096,0.2527164598638664,0.2510200844589277,0.7849115843693548,0.29429381186692233,0.26627558010614205,0.2734831406477879,0.1892800091204503
MB30,olbermann,0.44671148320499793,0.343018358496985,0.6757178790950124,0.28092555982546874,0.2616131599738414,0.4424126247222548,0.23782304587622857,0.24585524388265204,0.21177052122968146,0.31346670952572087
MB30,job,0.018218037683265655,0.2064997011227374,0.5391540367846281,0.22414998078596943,0.24029280601050973,0.5552493602746011,0.2564274144707955,0.2557099323308941,0.3025669779094425,0.22023238096379155
Document out of time window 1294096116, ignoring
MB31,special,0.40170452200755535,0.2560958638460885,0.3112166176458468,0.2793910356846419,0.31872754814010285,0.4951682005151328,0.4090718467849333,0.3773258478627944,0.35899816377552773,0.26653861295317416
MB31,olympics,0.42222601615099126,0.3785480812916702,0.3562970997720703,0.3198615050499421,0.3296856090308059,0.05920863383104453,0.28979510922084123,0.30373276081903955,0.31602624453533595,0.36586495976953914
MB31,athletes,0.1760694618414535,0.3653560548622412,0.44639681619393234,0.4007474592654159,0.3515868428290913,0.10064907923424796,0.30113304399422536,0.318941391318166,0.32497559168913637,0.36759642727728664
MB32,the,0.28541432404602773,0.08186750858064948,0.5956089577213883,0.16697427091653427,0.1667813565292635,0.7540587113943067,0.18491142255726373,0.17192734765584394,0.14877789459767293,0.12918045238755774
MB32,and,0.02796029065880937,0.1002849566595293,0.6521326931330415,0.18282025406955252,0.17268951167118443,0.7713547686489277,0.1867347586467619,0.17312092392044368,0.1502917103272492,0.12719338641368613
MB32,of,0.21020756822372966,0.10684089987903897,0.6209911249310313,0.17408996118473571,0.16943443280988443,0.7563091577281943,0.18514866275354952,0.17357493091919182,0.1485245694041984,0.1260473138329272
MB32,jobs,0.10078133527857203,0.22025479908497625,0.5131391220244343,0.14385450330795727,0.15816117988527834,0.42179010912883697,0.1498839405711091,0.1642738934611529,0.2550826705626018,0.21513504387361257
MB32,state,0.189018253601727,0.22812534464229323,0.5971328724302156,0.1674014883788419,0.16694064402958947,0.4209532645204072,0.1497957211027419,0.16035719563397866,0.1486404456745559,0.19156333552931354
MB32,union,0.18661822819113422,0.26262649115351283,0.588065500239563,0.16485952214237826,0.1659928750747997,0.3614742681805311,0.1435254943685739,0.156745708409389,0.14868270943372183,0.21088046796290286
MB33,whisperer,0.2599492884101105,0.23125398877188535,0.41051814527222114,0.22312577937091768,0.20622060115655283,0.1452814106625707,0.1936910066288765,0.1958903056832441,0.18932949317063968,0.2104194890700548
MB33,cesar,0.1683219521401016,0.18621103335368983,0.4323591267958604,0.23499684056714393,0.20941379675970817,0.24894123602940418,0.21122204811383344,0.20938491424292277,0.1858954432648476,0.19361829425012336
MB33,millan,0.2802516835639061,0.24597072342724333,0.3239206621833768,0.176058113475308,0.1935598742590769,5.361473670490086E-4,0.16921155948911026,0.18525130197015818,0.19090721826700519,0.22000165710044883
MB33,techniques,0.0,0.19637697995134806,0.3481250167128987,0.1892137206774899,0.1970985997681493,-0.003976754187259542,0.16844833358084604,0.1772402652267035,0.22621469583383352,0.2235876592388269
MB33,dog,0.2914770758858818,0.1401872744958334,0.3249278561886253,0.17660554590914054,0.19370712805651283,0.5221482019385739,0.25742705218733375,0.23223321287697146,0.207653149463674,0.1523729003405462
Document out of time window 1230153966, ignoring
MB34,rachel,0.2940544160816325,0.3067397706025561,0.48881608867877446,0.3224139495096535,0.32966756540262226,0.18834694246978415,0.3318737208219463,0.33066767846481687,0.3528685108889498,0.3183823051139428
MB34,maddow,0.42629205234033246,0.37611920816680067,0.5385934044647163,0.3552461359908993,0.34068972363439665,0.14105042351906966,0.31866505997961964,0.3240727570760053,0.30877568121398585,0.3705081381266034
MB34,msnbc,0.2796535315780351,0.3171410212306432,0.4887038432124432,0.32233991449944704,0.32964271096298103,0.2513228535170003,0.3494612191984341,0.3452595644591778,0.3383558078970643,0.3111095567594539
MB35,sargent,0.3896408228129316,0.32368217151471435,0.31599260861328665,0.3255935709448735,0.3314415030591464,-0.05546271523735072,0.3160902978777345,0.32879637929901817,0.2783924842743716,0.3308330272326613
MB35,tributes,0.14746199597233678,0.3272687966072594,0.3147503566648984,0.3243135750308427,0.3311286336324816,0.05133029861323938,0.35182868121511285,0.32752816206756474,0.44744113076505637,0.32534292143032184
MB35,shriver,0.46289718121473156,0.3490490318780262,0.33976946743439945,0.35009285402428386,0.3374298633083721,-0.007679426053825915,0.33208102090715275,0.34367545863341714,0.274166384960572,0.34382405133701677
Document out of time window 1295449049, ignoring
MB36,moscow,0.3518400749462887,0.34267497907056876,0.8097530860100449,0.34017211713308954,0.33635896779633706,0.6703792522960177,0.36439626561078314,0.34399129591530603,0.3315323211770516,0.3417954546848151
MB36,bombing,0.3194563921289686,0.37900104364877935,0.7825345638233807,0.32873778921580554,0.33130015944373875,0.514059801932087,0.3302948937955806,0.33697514744593243,0.3352502824826935,0.3469426744817585
MB36,airport,0.3287035329247427,0.2783239772806519,0.7881340403230188,0.33109009365110503,0.3323408727599241,0.39952464116325687,0.3053088405936362,0.3190335566387616,0.33321739634025477,0.31126187083342644
MB37,giffords,0.5773662689284632,0.5359625663215972,0.5581548229527259,0.5579163596600523,0.5193109534305329,0.42929771640653075,0.5527956969910363,0.5348989518432343,0.4592591841600711,0.520440853665783
MB37,recovery,0.4226337310715367,0.46403743367840267,0.4422725946853212,0.4420836403399479,0.48068904656946715,0.15628267827897113,0.4472043030089637,0.46510104815676573,0.540740815839929,0.4795591463342171
MB38,protests,0.3435829856495577,0.42564034558145253,0.765488577706087,0.36895775992882973,0.3478978746569325,0.6066288374634035,0.3402187157909009,0.34716480021894947,0.28623362203957897,0.40154143462771186
MB38,in,0.22411489172663726,0.15366505881779396,0.75250861589016,0.3627015494835774,0.3453401117883919,0.7731663702956719,0.37548459937894524,0.3446563592816194,0.2939701705939263,0.24928735475887512
MB38,jordan,0.43230212262380496,0.4206945956007537,0.5567350951452777,0.2683406905875928,0.30676201355467564,0.3425459301424637,0.2842966848301538,0.30817884049943106,0.41979620736649464,0.34917121061341294
MB39,egyptian,0.34199252159935106,0.43377529100713985,0.8102029035688885,0.5249726273953159,0.5108770342483216,0.7332823754068234,0.5466772475324346,0.5292157160862566,0.5185416561883994,0.47031606654293884
MB39,curfew,0.6580074784006489,0.5662247089928603,0.7331211885628484,0.4750273726046841,0.48912296575167835,0.437294748902684,0.4533227524675653,0.47078428391374333,0.4814583438116007,0.5296839334570612
MB40,beck,0.3520820407270898,0.3100297910266107,0.47672665008813303,0.38498386728735473,0.34842404499645324,0.13885405368673057,0.33281755423632714,0.34059083502199855,0.2968224966859804,0.3048530401407876
MB40,attacks,0.0423156801414847,0.30387817179328985,0.379290298050765,0.30629847469438076,0.32543457168767803,0.2307747880498566,0.3596803764700512,0.354871271383188,0.403484697701702,0.32595718262751583
MB40,piven,0.6056022791314255,0.38609203718009943,0.3822859798440578,0.30871765801826456,0.32614138331586867,0.05222808615265794,0.3075020692936216,0.3045378935948133,0.29969280561231754,0.36918977723169655
Document out of time window 1295442116, ignoring
Document out of time window 1295341202, ignoring
MB41,obama,0.2479096516855031,0.2784672815818387,0.3588436838463054,0.27896361223772387,0.3170168093288947,0.20986645119187405,0.34372330918986266,0.33556623806802605,0.3679963665972372,0.3474255743539222
MB41,certificate,0.37199440239519843,0.38382874206882783,0.45512717239922185,0.3538140024624414,0.3394796464417713,0.06763082333432247,0.3033141378770018,0.3219850619864594,0.31866257636874595,0.3434587202845012
MB41,birth,0.3800959459192985,0.3377039763493334,0.47237498996652366,0.3672223852998347,0.34350354422933416,0.24238752480110015,0.3529625529331356,0.3424486999455145,0.3133410570340167,0.30911570536157673
MB42,envoy,0.781133740403854,0.29345211313160746,0.6656433857643796,0.33261411801413493,0.27754949408538077,0.3456070342393216,0.2769898632969339,0.2603532828854092,0.2289709817862817,0.2528999570448309
MB42,holland,0.0,0.24314006938279267,0.5143816102903598,0.25703039989340487,0.2523444414215992,0.1352468572233711,0.23368774373889675,0.24101733579543538,0.2182697359538791,0.2591911023061692
MB42,iran,0.14276464486381044,0.22251313342598372,0.34079878634336336,0.17029311815322376,0.22341998773591942,0.13129435691824373,0.2328741313755984,0.2455769865775535,0.2995285456287461,0.24813812685596412
MB42,recall,0.07610161473233559,0.24089468405961617,0.4804243598593231,0.2400623639392365,0.24668607675710064,0.24581665409936504,0.256448261588571,0.2530523947416019,0.25323073663109313,0.23977081379303578
MB43,kucinich,0.3277378416744886,0.29507613265395766,0.6435418840104572,0.2686502658115887,0.256985581273577,0.4209524266023463,0.28371187913996615,0.2646133093873381,0.23436259899897566,0.27461796889008616
MB43,olive,0.29909023495741344,0.23320041262040034,0.6403476173008071,0.26731680077700104,0.25648612306377516,0.11371943257235037,0.22236876276381073,0.23663797888530547,0.23766581839728815,0.24195511821247015
MB43,lawsuit,0.09650069019480148,0.24463187942584036,0.4715189403867173,0.19683829726929145,0.23008793017650445,0.22893706718288387,0.2453734820024263,0.2572139197681078,0.29033265386294027,0.23845531507997786
MB43,pit,0.2766712331732964,0.2270915752998017,0.6400549763869634,0.26719463614211897,0.25644036548614346,0.24482579590279782,0.24854587609379686,0.2415347919592485,0.23763892874079592,0.24497159781746575
MB44,spokesman,0.7337899587663055,0.33689832137069775,0.39340399066291537,0.25460223001505433,0.25128241896650716,0.004814039640030653,0.18676095836067566,0.2172685540969604,0.25838041802122813,0.3069442103243559
MB44,white,0.12787316920017527,0.19383492143447145,0.41643077166265574,0.26950464567871635,0.25543500161260246,0.6098337085622508,0.2992136597933229,0.27570411210084445,0.25452439000705035,0.21499314398760258
MB44,replaced,0.0,0.29095177624911545,0.36534942302576845,0.23644594372398317,0.24622313991595132,0.10340272241850268,0.20508526131908206,0.22503979082414577,0.24214214992893612,0.2790554141770094
MB44,house,0.1383368720335193,0.17831498094571532,0.3699868472812258,0.23944718058224626,0.24705943950493908,0.6621641548552654,0.30894012052691944,0.2819875429780493,0.24495304204278534,0.19900723151103208
MB45,campaigns,0.26926516025878305,0.29821977276229955,0.5048358065974468,0.21811477071895724,0.20573206062080052,0.19812930524702427,0.1568350664356824,0.17600226902412322,0.19406087538993005,0.24774975547573955
MB45,social,0.27101502464507504,0.18519594523903696,0.5235667672718214,0.22620749936349013,0.208292844408674,0.671031265375698,0.2187379094840406,0.21257971902183787,0.18640957002820047,0.19192910464930968
MB45,and,0.0764570224095573,0.08596151393320307,0.3944736518119962,0.1704327010786926,0.19064401352687843,0.7713547686489277,0.23187025107022138,0.2122470283183869,0.19772922315279945,0.15483900969391395
MB45,political,0.1200720909713845,0.24533985283134974,0.3844891249599921,0.16611887714504545,0.1892789893331552,0.28511519448062383,0.1682215150077802,0.18503598194405368,0.2347751912605604,0.2193293313197319
MB45,media,0.26319070171520015,0.18528291523411058,0.5071766903832463,0.21912615169381452,0.20605209211049194,0.7137917745130373,0.22433525800227547,0.21413500169159835,0.18702514016850974,0.18615279886130484
MB46,bottega,0.504705139835232,0.4890784672011859,0.2862232274369466,0.4973023478304355,0.4993971628065326,-0.06622989225208943,0.48436151767622065,0.4869439530661623,0.49999844094296403,0.4985583394228771
MB46,veneta,0.4952948601647681,0.510921532798814,0.2893285041919975,0.5026976521695645,0.5006028371934674,-0.00593299916055065,0.5156384823237794,0.5130560469338377,0.5000015590570359,0.5014416605771229
MB47,requirements,0.11124231937113299,0.34093688672542355,0.33158597551694813,0.3096827164881011,0.32711248566405376,0.07066255693480857,0.33730638028938253,0.3271090434006609,0.34826820078711024,0.34376997899802114
MB47,farming,0.6652888418007776,0.3606603434825891,0.36029747965697545,0.33649765213995153,0.3341656475770516,0.0823724679185902,0.34099552367248376,0.33957614741921915,0.33190982698594185,0.3427913121923432
MB47,organic,0.22346883882808946,0.2984027697919873,0.3788446089467896,0.35381963137194744,0.3387218667588947,0.021119451608812678,0.32169809603813376,0.33331480918012,0.3198219722269479,0.3134387088096355
MB48,evacuation,1.0,0.5904808391484847,0.5069962109932284,0.40154616595930137,0.4618989715722217,0.1278105306097669,0.3941887130746768,0.45206677527022693,0.5050441499001501,0.5261440017123261
MB48,egyptian,0.0,0.4095191608515152,0.7556138049236337,0.5984538340406987,0.5381010284277784,0.7332823754068234,0.6058112869253232,0.547933224729773,0.4949558500998499,0.47385599828767383
MB49,law,0.04199438730875957,0.259701729867677,0.4135051096782158,0.36726954361225206,0.34259398740004715,0.45528738326588075,0.4128587033708779,0.3847140024366279,0.41838268664107564,0.2736490913315721
MB49,carbon,0.4741884960792829,0.3309334145553071,0.3529387703015345,0.3134753550992041,0.327914405722408,0.018087225904322903,0.2888269195751828,0.30676401506808704,0.2856898979250041,0.3627931142085635
MB49,monoxide,0.4838171166119575,0.40936485557701596,0.3594461287893332,0.3192551012885438,0.3294916068775449,0.051529604750585926,0.2983143770539393,0.308521982495285,0.29592741543392026,0.36355779445986436
Document out of time window 1295122370, ignoring
MB51,government,0.4202248245504118,0.3145868793364297,0.2392910108477739,0.21418433070331205,0.301001894682943,0.3095280781276853,0.3499326818155702,0.33689931686273883,0.34994011316328055,0.3252594219227461
MB51,british,0.15194409588912183,0.3384752732687051,0.37208709436059034,0.3330473008017073,0.3332557175493641,0.16270197230859723,0.3106977438039544,0.3276759995382824,0.3956983493087739,0.33979492001561135
MB51,cuts,0.42783107956046645,0.3469378473948652,0.5058418616399091,0.4527683684949806,0.36574238776769297,0.2699985157365213,0.33936957438047544,0.33542468359897865,0.25436153752794555,0.33494565806164245
MB52,epidemic,0.5153596249384818,0.4638794539137625,0.3351273913855006,0.5098692324153258,0.5024411642666695,0.03557074277035608,0.5105063468340522,0.49624024762900815,0.5001603889554418,0.49970266274222314
MB52,bedbug,0.4846403750615183,0.5361205460862374,0.32215367222752156,0.4901307675846741,0.49755883573333054,-0.007053861065486806,0.4894936531659478,0.5037597523709919,0.4998396110445581,0.5002973372577769
Document out of time window 1295735762, ignoring
MB53,river,0.34600730366899707,0.2998500431079765,0.23307783803672072,0.27214912239391315,0.3197455857148525,0.265492561903279,0.38604329188065784,0.3510143818909137,0.35543263702498806,0.3117899791554187
MB53,cruises,0.4813724297272433,0.3817750785760466,0.2859948169484175,0.33393667582182246,0.33346732321953476,-4.800921594270675E-4,0.3049073278966593,0.3197945451638989,0.30986501748711237,0.35685515445262644
MB53,boat,0.17262026660375973,0.31837487831597683,0.3373616262886409,0.39391420178426445,0.3467870910656128,0.013098012990545001,0.3090493802226828,0.32919107294518746,0.3347023454878996,0.3313548663919549
MB54,the,0.4783239801100227,0.26531028360951475,0.6338508143586208,0.5015565951524297,0.5006027310937707,0.7540587113943067,0.5311034878202316,0.5020027341942377,0.5075945214521419,0.4051160051641404
MB54,daily,0.5216760198899772,0.7346897163904853,0.6299164663128362,0.49844340484757044,0.4993972689062292,0.5486096980965793,0.4688965121797683,0.4979972658057624,0.4924054785478581,0.5948839948358596
MB55,loss,0.37966668715516866,0.26306603626140057,0.42178550659709424,0.2558855055408648,0.2517175490584217,0.19084223619032645,0.22857400196704422,0.2433414071427827,0.21115191021538438,0.2800275588207496
MB55,and,0.0912470256512667,0.10563637546132842,0.3965419773594773,0.2405709602576066,0.24724835220714292,0.7713547686489277,0.3399994021615994,0.28820199133819274,0.2806350678395375,0.17160625447765762
MB55,weight,0.4205659510862781,0.2552406276284262,0.40652718365392526,0.24662870648316704,0.2490161657371154,0.2138981959012836,0.23299943534534281,0.24086624141440632,0.20926121906123385,0.26259774427353727
MB55,berries,0.10852033610728654,0.37605696064884475,0.4234821762664817,0.2569148277183615,0.2520179329973199,0.033780926650459536,0.19842716052601364,0.2275903601046182,0.2989518028838443,0.28576844242805555
Document out of time window 1294023030, ignoring
Document out of time window 1295645630, ignoring
MB56,hugo,0.4757422529746957,0.504192909834667,0.5158185839611817,0.5763854914165744,0.5236133898963381,0.2208996940396847,0.48887724956505546,0.4915549527142598,0.4489614621802976,0.48402100407119464
MB56,chavez,0.5242577470253043,0.49580709016533286,0.37910086082474065,0.4236145085834257,0.47638661010366185,0.2764545909590455,0.5111227504349446,0.5084450472857401,0.5510385378197024,0.5159789959288054
MB57,blizzard,0.4491456415411518,0.529970519182022,0.906585196033568,0.5343843904586305,0.5157806548740951,0.8565049589649835,0.5285763138720464,0.5177855353678095,0.4888988367996078,0.5242082257092736
MB57,chicago,0.5508543584588482,0.47002948081797796,0.789918691842909,0.46561560954136944,0.4842193451259048,0.6557692581017912,0.4714236861279536,0.48221446463219053,0.5111011632003922,0.47579177429072633
MB58,fda,0.4163977971671419,0.31436986547448637,0.5252369069803834,0.3083783713549352,0.2674342392971262,0.1878140477563063,0.23003013927682342,0.24774813694301243,0.20859425860228578,0.2904072652703321
MB58,drugs,0.08381332001198966,0.2701096009653355,0.3480456995239942,0.20434543831533727,0.2363656259168914,0.25615049634264014,0.24326406492005917,0.2513149297844303,0.30886285101977634,0.24773151528111026
MB58,approval,0.3267741129710942,0.3127602168751113,0.386450427967995,0.22689371596394478,0.24309949085933352,-0.0365414557371433,0.18658181686170736,0.21588178937258623,0.22620453920137903,0.2910110396298267
MB58,of,0.17301476984977418,0.10276031668506695,0.44348922677969776,0.26038247436578277,0.25310064392664894,0.7563091577281943,0.34012397894141005,0.28505514389997094,0.2563383511765588,0.17085017981873082
Document out of time window 1292532391, ignoring
MB59,beck,0.418996899588841,0.48817477656620384,0.38013610686740107,0.5323366110944383,0.5085079139534309,0.13885405368673057,0.501076384299385,0.5218640499992849,0.49656546722689265,0.4812072227908064
MB59,glen,0.581003100411159,0.5118252234337961,0.3339536230985201,0.46766338890556164,0.49149208604656913,0.13396120835979228,0.49892361570061516,0.4781359500007151,0.5034345327731075,0.5187927772091935
MB60,fishing,0.8566081885365867,1.0,0.3233095459838594,1.0,1.0,-0.003178968981567727,1.0,1.0,1.0,1.0
MB60,guidebooks,0.14339181146341337,0.0,0.0,0.0,0.0,0.0,0.0,0.0,0.0,0.0
Document out of time window 1295483164, ignoring
MB61,the,0.17935834621462415,0.048961313847638986,0.4800947206926537,0.17099027390317376,0.15091102070594198,0.7540587113943067,0.18529469090149134,0.15940053731353457,0.11636088897911216,0.10351934122050716
MB61,united,0.24018190507817638,0.15233849986016604,0.43730317998141244,0.15574966209974153,0.1465479789383913,0.29152555458788487,0.13643376180863911,0.140083494427857,0.10199987020447329,0.1667794998529622
MB61,visit,0.020918233843693707,0.14323058258827423,0.3135797039339836,0.1116843763430462,0.13393308625985592,0.32314103364580155,0.1397735476331869,0.14797300724554074,0.18554626420331147,0.13648775695030982
MB61,to,0.12340527299845426,0.049035842862726206,0.3599219131819686,0.12818959231617488,0.13865815554198194,0.7765680136461823,0.18767252134472326,0.16062551967205912,0.15305867737836495,0.09922022984955002
MB61,hu,0.11481340970495427,0.17680104855595902,0.4007546577094677,0.1427325603390312,0.14282147770557033,0.10838080770809114,0.11708677584809074,0.12575182053449196,0.16968803898596993,0.17346498593372106
MB61,jintao,0.10183391002423477,0.2661265838473242,0.3829281146339844,0.13638346847893765,0.14100387659290595,-0.030374508077081364,0.10242898635544888,0.12489537979027805,0.17104095174062992,0.18275361318416666
MB61,states,0.2194889221358624,0.16350612843791132,0.4331488733625058,0.15427006651989478,0.14612440425535259,0.24301970180643348,0.13130971610841977,0.14127024101623842,0.10230530850813833,0.13777457300878299
MB62,starbucks,0.3717559572393697,0.297700736578284,0.5444069290380497,0.3388082069632778,0.33524293026574226,0.3679279762875512,0.3478150193332463,0.34016637903033276,0.3319862448672665,0.28089127219161686
MB62,trenta,0.4052967583197509,0.4297267311573748,0.5388067565431853,0.33532297505224634,0.3340273061955102,0.09395116582673532,0.2781525434725594,0.3112374692939931,0.322606593413252,0.3851381638146051
MB62,cup,0.22294728444087944,0.2725725322643412,0.5236155406572426,0.3258688179844758,0.3307297635387474,0.4710389328723507,0.37403243719419427,0.3485961516756742,0.34540716171948144,0.33397056399377795
Document out of time window 1295590731, ignoring
Document out of time window 1279325466, ignoring
MB63,bieber,0.01718448883487035,0.18006944201944255,0.583989185966219,0.2822572126257847,0.22407553677767875,0.3914943067907966,0.209002790263646,0.20708922599505902,0.21800308384428665,0.19624533899307697
MB63,trading,0.47169289000205444,0.2428909789842679,0.28940201282519756,0.139875544669858,0.1824024120276963,0.03394130063357411,0.15529823999037687,0.1786079519550394,0.19920922030933413,0.23789011003494998
MB63,places,0.47502133482852105,0.2322703687821973,0.3639489277044992,0.17590601391368482,0.19294802693131705,0.28574798474527924,0.19311966644504885,0.20003867691687482,0.22111271305454114,0.2024672841188381
MB63,stewart,0.01454563040921273,0.25864891139736745,0.44606900664437205,0.21559679096776319,0.2045649627865027,0.17524025082340047,0.1765213773807892,0.19153060609359465,0.15286103647949886,0.21630394061724711
MB63,and,0.02155565592534135,0.08612029881672466,0.38558737020316847,0.1863644378229094,0.1960090614768052,0.7713547686489277,0.26605792592013905,0.2227335390394321,0.20881394631233924,0.14709332623588775
Document out of time window 1278709010, ignoring
MB64,red,0.3000145883907962,0.28589755210803985,0.34811508331398455,0.30684061573408095,0.32606370845293137,0.5822269537512937,0.3956593025572755,0.36523039152374487,0.3614657410480616,0.28496813573578694
MB64,cameras,0.423941613750513,0.40408386292995535,0.46252365332181233,0.407684267012455,0.35373529456399677,0.0975531717355094,0.27445943922192656,0.30399659251000194,0.26929627187344163,0.4015738516123463
MB64,light,0.27604379785869076,0.31001858496200485,0.32387561858135444,0.2854751172534641,0.3202009969830719,0.31918298121849487,0.329881258220798,0.3307730159662531,0.36923798707849687,0.31345801265186674
MB65,michelle,0.316391210218245,0.24875323729417373,0.4633729911329343,0.2616040696760602,0.25356143243466744,0.2996066299122963,0.2610355279775516,0.24899584509015027,0.23099503462826365,0.23323270619988584
MB65,obama,0.3422645419594023,0.21107876582095716,0.4641483410545971,0.2620418049321313,0.25369577879609834,0.20986645119187405,0.24301055457874232,0.2428998587676504,0.2399410226817681,0.2655886213502619
MB65,campaign,0.18115281474081615,0.24729415103814562,0.284359881598336,0.16053957330755625,0.22254348912615013,0.2691208489541124,0.25491223517104705,0.25620001065032133,0.2738505253059535,0.23183248009291477
MB65,obesity,0.16019143308153652,0.2928738458467235,0.5593947136365196,0.31581455208425224,0.2701992996430841,0.2000641092568071,0.24104168227265896,0.25190428549187804,0.2552134173840148,0.26934619235693746
MB66,treatment,0.00865874585486013,0.31360219490082425,0.41184589276822386,0.14602734770506684,0.20700538918413977,0.20325105284419154,0.18905892362657037,0.22410311019910845,0.34881037350757743,0.27602094909599406
MB66,egypt,0.3432346008834129,0.22407919488192693,0.8324019378715557,0.29514303613645165,0.2686674786772525,0.8446331535852913,0.289835074466276,0.2681810486919492,0.22262007605529582,0.2683050885459083
MB66,in,0.3133378153299657,0.10984475072520807,0.7680698621492819,0.272332944898339,0.25923508492937547,0.7731663702956719,0.278605968876174,0.2573627441371723,0.2185424383353959,0.17205006859837463
MB66,journalists,0.3347688379317613,0.3524738594920407,0.8080163010874416,0.28649667126014267,0.26509204720923224,0.5433729043947088,0.2425000330309795,0.25035309697177005,0.2100271121017309,0.28362389375972297
MB67,boston,0.39367057855259574,0.3179677667619936,0.5512303018515762,0.29721947485719374,0.3195366678356577,0.41395450501408515,0.3150070661663058,0.32127361878742294,0.334186205304929,0.29816571879460446
MB67,celtics,0.5501622961732265,0.335425438541089,0.5391995158014798,0.2907325602229331,0.3170584560051494,0.5342683418191588,0.3418111172279065,0.3279679732026134,0.3489435475852318,0.35951365010386227
MB67,championship,0.05616712527417762,0.3466067946969173,0.7641939485602047,0.41204796491987317,0.363404876159193,0.5404209230420568,0.3431818166057876,0.3507584080099637,0.3168702471098393,0.34232063110153327
MB68,rehab,0.31774737472031955,0.34902270381913036,0.6849362582325011,0.29241622180883786,0.3153933232610128,0.339253957846784,0.2888355516604889,0.31433429148076186,0.38009964253017375,0.35090399002817113
MB68,sheen,0.3451359438546642,0.3462554414276125,0.8322792940793546,0.35532060646408226,0.3429736008578958,0.7113846537249918,0.36909260388275344,0.3487784131041764,0.30995206661827035,0.34473953568713783
MB68,charlie,0.33711668142501633,0.30472185475325714,0.8251177628359838,0.35226317172707994,0.34163307588109126,0.5860965484441456,0.34207184445675765,0.3368872954150616,0.3099482908515558,0.3043564742846911
Document out of time window 1291934322, ignoring
MB69,high,0.13992707129340293,0.42152576210670434,0.3709125826671607,0.35178492233753245,0.44883598293740173,0.559074192586905,0.5373482976224513,0.5122312108420652,0.5824316670364659,0.4698817976475265
MB69,taxes,0.8600729287065971,0.5784742378932957,0.6834605843308141,0.6482150776624676,0.5511640170625983,0.3423478450098966,0.4626517023775488,0.4877687891579347,0.4175683329635341,0.5301182023524735
Document out of time window 1294587176, ignoring
Document out of time window 1284902794, ignoring
Document out of time window 1295731652, ignoring
MB70,markets,0.3932567259670501,0.32489793907158043,0.4657155793215348,0.3055926255587858,0.32398842125728483,0.13974310236495394,0.3268746689282501,0.32635549800589464,0.4011828566762243,0.36640914154632864
MB70,opinions,0.034728202085449036,0.33133548761527193,0.5080916913103349,0.3333989260104396,0.3333554293016617,0.18362535109714412,0.3394599572238302,0.3341268385696334,0.3219105661928297,0.3052236100240707
MB70,farmers,0.5720150719475008,0.34376657331314764,0.5501679184616467,0.36100844843077456,0.34265614944105366,0.16342085970774745,0.3336653738479196,0.339517663424472,0.2769065771309461,0.32836724842960074
MB71,murray,0.2216787257721383,0.2187023633891068,0.7613083934202732,0.19822531904612098,0.19922902731651615,0.5267509370161424,0.20045655449057095,0.19453519356210783,0.1943525971720892,0.2322719665864702
MB71,australian,0.2233616195378329,0.21846932397038596,0.8059277131692509,0.20984305368467682,0.20427610692297338,0.41896160000089394,0.1863042270971271,0.20168917552920815,0.19146813443771282,0.2360796521174784
MB71,vs,0.09294787779455459,0.16147542108119423,0.6739205585954909,0.1754717521754488,0.18934422043290788,0.6080564360404123,0.2111316553209622,0.20433237489905445,0.23278439359935,0.1483427411284801
MB71,open,0.2303770526494745,0.16489542252445832,0.8020405258055365,0.2088309290817907,0.2038364107514438,0.5370779510299918,0.2018124519046167,0.20320429194418038,0.19096981012519748,0.14881937784371474
MB71,djokovic,0.23163472424599962,0.23645746903485462,0.7974241639592669,0.2076289460119627,0.2033142345761589,0.5255213253626283,0.200295111186723,0.19623896406544913,0.19042506466565043,0.23448626232385655
Document out of time window 1284902794, ignoring
Document out of time window 1295731652, ignoring
MB72,kardashians,0.946857406268357,0.5211113090154927,0.6571905660225916,0.5609733502237235,0.522522776235994,0.3183535202354104,0.5269243219201347,0.5093920852027609,0.45088502579639766,0.5234693824049496
MB72,opinions,0.05314259373164295,0.47888869098450737,0.5143277703841118,0.4390266497762765,0.4774772237640061,0.18362535109714412,0.4730756780798652,0.4906079147972391,0.5491149742036023,0.47653061759505055
Document out of time window 1295648219, ignoring
Document out of time window 1295733176, ignoring
MB73,iran,0.4545614103642126,0.33475560407358435,0.36323980274353407,0.34676655555468605,0.33680988749960394,0.13129435691824373,0.31006644188158233,0.32667497975436083,0.32318452250108654,0.36163099839504015
MB73,program,0.08897473214228152,0.2958054404644812,0.28691814719910375,0.2739061547740494,0.31795341913213865,0.40566994645048265,0.3852676150025856,0.3631731969241549,0.4060723880993488,0.2862798827205403
MB73,nuclear,0.4564638574935059,0.3694389554619345,0.3973473441088532,0.3793272896712647,0.34523669336825746,0.11159034205883962,0.30466594311583206,0.3101518233214844,0.2707430893995647,0.3520891188844195
MB74,credit,0.349295136804081,0.32740543514254067,0.43827830460812384,0.3302215079663655,0.33237888958732564,0.1846399366930711,0.3221245169199045,0.3316172424078006,0.3208206722134141,0.33910285339239327
MB74,debt,0.3516479188686034,0.36158755405604254,0.48097367065762053,0.36239040159354835,0.3422455741591427,0.07593570527345646,0.29256591691951866,0.3124673405585151,0.35348836256437427,0.3687581892522587
MB74,card,0.29905694432731555,0.3110070108014169,0.4079732176273981,0.3073880904400862,0.3253755362535316,0.41700825639793365,0.38530956616057693,0.35591541703368423,0.3256909652222117,0.29213895735534806
MB75,super,0.2815211519704164,0.20237177033671197,0.8047897230284213,0.3082836113607768,0.2730165833301422,0.8325851452951172,0.27869370850599245,0.2632386311572615,0.25082738623284284,0.24593229076928377
MB75,fail,0.06973975432398505,0.24794172048736043,0.47818901906253475,0.18317559667006267,0.22361060147406014,0.6081814870095178,0.24456711532123002,0.24682538863799025,0.28356878913748934,0.19144677632614493
MB75,aguilera,0.3672179417351822,0.31809987681776825,0.5301993816679424,0.20309874175179024,0.23147838314142427,0.2776600423511427,0.19430246737890114,0.2241118561232549,0.21644696677435374,0.290878133660018
MB75,bowl,0.2815211519704164,0.23158663235815935,0.797371686125726,0.3054420502173703,0.2718944320543734,0.8571977092571195,0.28243670879387633,0.26582412408149336,0.2491568578553141,0.27174279924455325
MB76,celebrity,0.07917528141877457,0.2703214575873384,0.35299855480492215,0.3227056406998234,0.3304936420223736,0.14950651117011782,0.35383594458649853,0.3590133906540851,0.33459024131555337,0.32701513089414447
MB76,violations,0.7981707184836869,0.3820718847819042,0.44173904011441717,0.4038307750042388,0.35217006294729947,0.0370180789490346,0.3192102593178825,0.3248844037625071,0.3396397177079875,0.33499775764318107
MB76,dui,0.12265400009753848,0.3476066576307575,0.29913406483660776,0.2734635842959377,0.317336295030327,0.06217449983186949,0.326953796095619,0.31610220558340785,0.3257700409764592,0.3379871114626745
MB77,ncis,1.0,1.0,0.47190930733286834,1.0,1.0,0.15553069063175642,1.0,1.0,1.0,1.0
Document out of time window 1277858801, ignoring
MB78,mcdonalds,0.4959375777651813,0.5653041827770605,0.5333508697407527,0.5436208461370626,0.5143559934627272,0.30480630607553494,0.43776434515807916,0.4778778214003783,0.4146045828623368,0.5423477759560489
MB78,food,0.5040624222348188,0.43469581722293954,0.44775733008401897,0.45637915386293737,0.4856440065372728,0.6758071689765779,0.5622356548419208,0.5221221785996217,0.5853954171376633,0.4576522240439511
MB79,yemen,0.4366582831138691,0.29938216135561635,0.7005003611545748,0.42075749008912855,0.364534424157839,0.5167877913242405,0.39721102610944575,0.3810963523158213,0.2645766553529981,0.33395084581725476
MB79,saleh,0.41658405567322476,0.3415827606354176,0.6076053087880908,0.36495981853475934,0.344620612202788,0.14104289636108377,0.29881228098676926,0.3260843634200994,0.2900646046017773,0.3433377086738651
MB79,overthrow,0.1467576612129061,0.3590350780089662,0.356749686538781,0.21428269137611214,0.29084496363937307,0.16076369067493648,0.30397669290378493,0.2928192842640793,0.4453587400452245,0.3227114455088802
MB80,chipotle,0.33439094923209883,0.4857413626409135,0.6638462233978094,0.6228406748906382,0.5427054938882206,0.40454501681839705,0.5518288346430686,0.523873548626313,0.4682707814313166,0.43987242151306916
MB80,raid,0.6656090507679012,0.5142586373590864,0.4019901135022674,0.37715932510936184,0.45729450611177935,0.14070983150223884,0.4481711653569313,0.4761264513736869,0.5317292185686834,0.5601275784869308
MB81,smartphone,0.9456052335327082,0.5345063551740588,0.693847890888358,0.6877342055750353,0.5629478356970005,0.42091827772449386,0.5206249337272217,0.5150993675894128,0.34742501764805217,0.5345447475212599
MB81,success,0.05439476646729179,0.46549364482594124,0.31504171393827834,0.31226579442496477,0.4370521643029995,0.3083368648441781,0.4793750662727783,0.48490063241058723,0.6525749823519478,0.4654552524787402
MB82,laws,0.06828647896507763,0.31549209569125236,0.4612209069163464,0.41188454157998816,0.3546840335949099,0.09556797775600849,0.33261997794696446,0.32792258570984106,0.3358518648921763,0.3317298303529469
MB82,immigrant,0.5260138851039627,0.37785326007812137,0.3469510326706306,0.30983800798987904,0.3269471597765736,0.03832161822154972,0.3152396937176856,0.32123341709788916,0.32505045755448314,0.35249302709756314
MB82,illegal,0.40569963593095976,0.3066546442306263,0.3116100875488413,0.2782774504301328,0.3183688066285166,0.1598631861559747,0.35214032833535,0.3508439971922698,0.3390976775533405,0.31577714254949
Document out of time window 1287226822, ignoring
MB83,effects,0.0,0.2894942690298616,0.4532144543988341,0.40644007328652665,0.3531434047002871,0.07631652130029412,0.34391109261292374,0.33852937095330493,0.34587872993088636,0.3076100789289874
MB83,worm,0.18819845901316565,0.32867195294758794,0.3242612937842874,0.29079563268670705,0.32180669589695876,0.06019627103517834,0.3387602538288344,0.3380932301314158,0.32211612662490685,0.33691599846347986
MB83,stuxnet,0.8118015409868343,0.3818337780225506,0.337607345701012,0.3027642940267662,0.3250498994027542,-0.006876835778229883,0.31732865355824186,0.3233773989152793,0.3320051434442069,0.3554739226075328
Document out of time window 1292649249, ignoring
MB84,athlete,0.0,0.46060934986007407,0.316074230103252,0.42602968387475243,0.47998507126003503,0.037234587265727974,0.49539023789432163,0.4993935804552281,0.5020908349625544,0.4883119492015419
MB84,concussions,1.0,0.5393906501399258,0.42583236013371834,0.5739703161252475,0.5200149287399649,0.05653817594926805,0.5046097621056784,0.5006064195447718,0.4979091650374457,0.5116880507984581
MB85,improve,0.6118302547840566,0.31598624464222635,0.6211392174415784,0.37285133866945247,0.28612126596990045,0.3298637127597074,0.21777023757559252,0.23869545717402094,0.15982752050077934,0.30275048710334024
MB85,buy,0.09085882023583784,0.2300227814537307,0.34317657558086917,0.20599865861369537,0.23706254101533603,0.5788443180996615,0.2585417580377,0.2531856212995055,0.29518670476399816,0.22011599464187437
MB85,best,0.13558024123841458,0.18784585643340215,0.3360488560592897,0.20172010126188678,0.23580454163375844,0.6684879520283741,0.273221243815445,0.25484294604251645,0.2764807727585073,0.20542543834009408
MB85,sales,0.16173068374169083,0.2661451174706408,0.3655519053770975,0.21942990145496533,0.24101165138100492,0.5295325010635333,0.25046676057126255,0.253275975483957,0.2685050019767151,0.2717080799146913
MB86,murder,0.27260218602422326,0.272080792467733,0.31119403045392907,0.25279576590481817,0.3099009775591784,0.18452684682000461,0.3465083662551243,0.3468442156370388,0.33945514974174823,0.2972540567233555
MB86,yeates,0.34338434173734567,0.39880680926322,0.5131184388271656,0.41682730402632684,0.35762585282135534,0.16436683120610182,0.3406109785405234,0.3601624085239534,0.329035242535121,0.3826584052846368
MB86,joanna,0.384013472238431,0.32911239826904704,0.4066971931635637,0.330376930068855,0.33247316961946627,0.06957168147367271,0.3128806552043523,0.29299337583900775,0.3315096077231308,0.32008753799200784
MB87,recipes,0.5256273506597443,0.5457095144049708,0.39473251817841315,0.5801484736964162,0.5203450864120576,0.13415975247031725,0.41714989280791653,0.4590398123351023,0.4037842747952424,0.5769808453433858
MB87,chicken,0.47437264934025575,0.4542904855950291,0.28566661424259415,0.41985152630358386,0.4796549135879425,0.5846705098031999,0.5828501071920834,0.5409601876648976,0.5962157252047575,0.4230191546566142
Document out of time window 1295710971, ignoring
MB88,speech,0.3530940384072098,0.3314370831743494,0.6447429072994231,0.33731350043769254,0.334882322414205,0.36410687881677334,0.3183982321560413,0.32632834999371,0.31101183633097257,0.3299242254622298
MB88,awards,0.2942006370361515,0.32560695850721766,0.6326294460377869,0.3309760379013559,0.33241592841319245,0.6264007151032832,0.37962062981119477,0.3556464364002756,0.3765686513141422,0.3299014383892366
MB88,kings,0.35270532455663867,0.34295595831843295,0.6340332277107326,0.3317104616609517,0.3327017491726025,0.2937714662358088,0.30198113803276405,0.31802521360601427,0.3124195123548852,0.3401743361485337
MB89,cases,0.028027000867817904,0.34859074713898086,0.48391217779956347,0.30528361646262014,0.3236362636765917,0.26973165333723537,0.3281451024859807,0.3240616470218062,0.4050757981257958,0.33743777183721185
MB89,supreme,0.42549926100169216,0.35352786111130746,0.5468269998323,0.344974422522912,0.3373577751226032,0.1992759814718929,0.30993677980283274,0.32283787385329415,0.2954535093088106,0.3401973573567932
MB89,court,0.5464737381304899,0.2978813917497117,0.5543841362450708,0.3497419610144678,0.33900596120080506,0.40041367825612395,0.36191811771118654,0.35310047912489956,0.2994706925653936,0.32236487080599496
Document out of time window 1287430428, ignoring
Document out of time window 1287430428, ignoring
Document out of time window 1287430428, ignoring
Document out of time window 1294429422, ignoring
Document out of time window 1293819654, ignoring
MB90,bullying,0.7201564967476399,0.5568194540139387,0.5047004302636602,0.5569671885238294,0.5177627247536126,0.19719085347730964,0.48340595135236697,0.48667209085821156,0.4527027422916006,0.5147535356753643
MB90,anti,0.2798435032523601,0.44318054598606116,0.4014578509832197,0.4430328114761706,0.48223727524638743,0.2793836490253431,0.516594048647633,0.5133279091417885,0.5472972577083994,0.4852464643246356
MB91,michelle,0.4207823308793221,0.3672863997868237,0.4804513103702076,0.36026441135621395,0.3416209983066806,0.2996066299122963,0.3331937006615623,0.32895287356873687,0.26115548199952254,0.32470741077887827
MB91,obama,0.43933270806205005,0.3116597026560234,0.47488704014755506,0.3560920665355781,0.34033701717538933,0.20986645119187405,0.3101860754635396,0.32089935678296067,0.2924864521558878,0.3697534319953693
MB91,fashion,0.13988496105862794,0.3210538975571528,0.37826912006627456,0.28364352210820787,0.3180419845179301,0.3909807009808547,0.3566202238748981,0.3501477696483025,0.44635806584458965,0.3055391572257524
MB92,market,0.43484541781871905,0.30012651493380166,0.33996653176925046,0.30753007595324805,0.32638533368662065,0.48618528674593153,0.38725020318179,0.36181420141138215,0.31714234037927086,0.32349070352288783
MB92,tutorial,0.014667951360385857,0.36908953805604544,0.40104759991794897,0.3627833546490005,0.341263290961662,0.07170053460043233,0.2792493328222531,0.2992810361252975,0.3588024102546474,0.34142192820222744
MB92,stock,0.550486630820895,0.33078394701015285,0.3644599612627646,0.3296865693977514,0.33235137535171727,0.27990502946504175,0.33350046399595684,0.3389047624633204,0.3240552493660819,0.33508736827488467
MB93,week,0.1912706777104741,0.24100045854379518,0.5419783052609046,0.3207513384689833,0.27101152540538176,0.7310128268505941,0.2736347099897215,0.2602419987471835,0.22147731656371514,0.24475384150519006
MB93,in,0.09914058031141701,0.12644480611476097,0.34889368787523134,0.20648080611914596,0.23707579718438593,0.7731663702956719,0.2802982496566223,0.25952007489545,0.2636617831721657,0.20667882384225955
MB93,nyc,0.3440552062073469,0.3238898253320282,0.374707856164492,0.22175803945094516,0.24161278522194465,0.4308388281149408,0.2261838628230211,0.241909692583612,0.30057291827237786,0.2708946611794882
MB93,fashion,0.3655335357707619,0.3086649100094156,0.42413501782318924,0.25100981596092564,0.25029989218828774,0.3909807009808547,0.21988317753063508,0.23832823377375453,0.21428798199174126,0.2776726734730621
Document out of time window 1295642027, ignoring
MB94,horse,0.47424264957996304,0.32851828156648494,0.3057091290256907,0.28313674069307027,0.3200485099067032,0.128737804487442,0.3216054566890571,0.3276777670248098,0.3548498167663683,0.33643389277592683
MB94,race,0.27465396888796323,0.309681462995217,0.3185205940431341,0.29500225632259336,0.3231887883940063,0.2849562815557707,0.3661159838115566,0.34762558631519186,0.38130319433663196,0.29638060757257995
MB94,betting,0.2511033815320738,0.361800255438298,0.45549284588272515,0.4218610029843364,0.35676270169929053,0.09600321856053828,0.31227855949938627,0.32469664665999837,0.26384698889699965,0.3671854996514932
Document out of time window 1292898033, ignoring
MB95,facebook,0.5088805917930403,0.3828293146881385,0.4909503556129626,0.4617761207657433,0.4867331264425746,0.7593710564881886,0.580368385644012,0.5310513549140508,0.5729455687824588,0.40985217771154675
MB95,privacy,0.4911194082069596,0.6171706853118615,0.5722279542546869,0.5382238792342566,0.5132668735574254,0.2721018838165856,0.41963161435598784,0.4689486450859493,0.4270544312175412,0.5901478222884533
Document out of time window 1295734196, ignoring
Document out of time window 1295734196, ignoring
Document out of time window 1295734196, ignoring
Document out of time window 1295734196, ignoring
Document out of time window 1295734196, ignoring
Document out of time window 1295734196, ignoring
Document out of time window 1295627419, ignoring
MB96,sundance,0.08527271158159536,0.44533846158076595,0.7942287843119832,0.6142750335651455,0.5448692257786573,0.6258162680845296,0.6102294495082851,0.5551300286591984,0.4419433250087676,0.49800539172717206
MB96,attendees,0.9147272884184046,0.5546615384192339,0.49872427565924426,0.38572496643485465,0.4551307742213426,0.03845414592874187,0.38977055049171483,0.44486997134080164,0.5580566749912323,0.5019946082728279
MB97,college,0.3161689091537436,0.3062391634558044,0.3530495719565878,0.3180676984220293,0.32921054513315184,0.5359588892722956,0.37621502545311547,0.35144387649199393,0.36721739812053117,0.29563853620137753
MB97,student,0.4598776339576605,0.3426286906582209,0.33031576378613914,0.2975864668457688,0.323679181363587,0.39153403807981674,0.3408398605011527,0.3462638089125319,0.32016028317339545,0.33022947130530816
MB97,aid,0.2239534568885959,0.35113214588597474,0.42661714191252575,0.3843458347322019,0.3471102735032612,0.15516934118003456,0.28294511404573186,0.3022923145954743,0.31262231870607343,0.3741319924933144
Document out of time window 1294897917, ignoring
MB98,floods,0.5624151111426278,0.5335612461868664,0.574209024119353,0.45295462828561667,0.4817488390395095,0.21390775594498684,0.4610588646199196,0.46161679551621243,0.46582455593771765,0.49617894235666693
MB98,australian,0.43758488885737223,0.4664387538131337,0.6934875358930059,0.5470453717143833,0.5182511609604904,0.41896160000089394,0.5389411353800804,0.5383832044837875,0.5341754440622822,0.5038210576433332
MB99,superbowl,0.5300438796919413,0.4413592291793032,0.7313645208355604,0.5138720595395442,0.5057674278597333,0.7752047156213757,0.5318957687282013,0.5146486659639623,0.5004301891971523,0.49906039135752167
MB99,commercials,0.46995612030805867,0.5586407708206967,0.6918779132654502,0.48612794046045577,0.49423257214026683,0.5623001490366188,0.4681042312717986,0.48535133403603764,0.4995698108028477,0.5009396086424783
MB100,committee,0.3305993115767936,0.3582726153541137,0.5270782333384684,0.41428256215656273,0.35743975272679807,0.28600383336918594,0.35309005074567235,0.3506566613224094,0.3661216352707264,0.3256779541179052
MB100,republican,0.40155746737618936,0.36076789731008624,0.42068372432955803,0.3306566656508041,0.33253623032605345,0.07873481127749299,0.29618148824424795,0.30754293813583866,0.27749307389332506,0.3502385013022451
MB100,national,0.267843221047017,0.2809594873358,0.3245055271006873,0.2550607721926332,0.31002401694714854,0.2774025900138331,0.35072846101007976,0.3418004005417519,0.35638529083594855,0.3240835445798496
Document out of time window 1295477226, ignoring
Document out of time window 1295537964, ignoring
MB101,in,0.06061844164150955,0.08554393406447604,0.471352073929102,0.18113167772101707,0.1935413542019181,0.7731663702956719,0.24160275726410524,0.2177175627262454,0.23065203938084974,0.13971183834281325
MB101,swan,0.22538051726936673,0.2353758865948778,0.47309363733935006,0.18180092756588614,0.19377043910064518,0.31500537786209204,0.17917603809259627,0.19493035046973944,0.20757781765946298,0.1989172196800905
MB101,black,0.23414887985902663,0.1651409620363058,0.46895502252289656,0.18021053624990768,0.19322604654478495,0.4400868218847969,0.19621900837711742,0.19881532298397986,0.20835555690255406,0.20717542640011125
MB101,portman,0.2383005722913381,0.26615267664174397,0.6091970159789571,0.2341028790795205,0.21167344999797802,0.47975777319646373,0.20162437325474622,0.2014194836967991,0.176058892405999,0.22885930367829982
MB101,natalie,0.24155158893875903,0.24778654066259637,0.5796642060599085,0.22275397938366853,0.20778871015467387,0.3311646759467619,0.1813778230114349,0.18711728012323614,0.17735569365113413,0.22533621189868525
Document out of time window 1295291728, ignoring
Document out of time window 1295695182, ignoring
Document out of time window 1265807892, ignoring
Document out of time window 1265807892, ignoring
Document out of time window 1265807892, ignoring
Document out of time window 1265807892, ignoring
Document out of time window 1265807892, ignoring
Document out of time window 1265807892, ignoring
Document out of time window 1265807892, ignoring
MB102,school,0.29645158865161064,0.32882126361068287,0.4766137043501984,0.5283199368258177,0.5088032861564276,0.7328719332817488,0.6183707623535541,0.5645659050054089,0.528169632681753,0.46019969759897456
MB102,lunches,0.7035484113483894,0.6711787363893171,0.42551712798924746,0.47168006317418226,0.4911967138435724,0.06944673826465485,0.3816292376464458,0.435434094994591,0.471830367318247,0.5398003024010255
MB103,tea,0.31779697842717325,0.2971224563202725,0.502943709906076,0.34208642391876076,0.33621216100040546,0.313567073886278,0.30598313601112676,0.3252422366689609,0.3151472436302377,0.3190467696238351
MB103,caucus,0.3768879218142585,0.4521958512828648,0.4968472062870478,0.3379397747404052,0.3348483583225072,0.23605305336703872,0.2879269715755061,0.30874853214093717,0.3686380767268476,0.3685248462092739
MB103,party,0.3053150997585683,0.25068169239686267,0.47043319894310237,0.3199738013408341,0.32893948067708734,0.7433193170908038,0.4060898924133671,0.3660092311901019,0.3162146796429147,0.3124283841668911
Document out of time window 1295640069, ignoring
Document out of time window 1290653798, ignoring
Document out of time window 1295580939, ignoring
Document out of time window 1295708951, ignoring
MB104,driving,0.3544398255430494,0.4006451074290623,0.5686638927333061,0.3241133007114149,0.32993094090615643,0.44974604785524,0.318115081914075,0.3286303503663807,0.3490844822764563,0.3276126743216497
MB104,and,0.29845757297765196,0.15877112019095826,0.570711872219478,0.3252805585583339,0.33036168442104147,0.7713547686489277,0.38868508602680946,0.350561214277469,0.33742069974660166,0.26947020641646113
MB104,texting,0.3471026014792987,0.4405837723799796,0.615146161438737,0.35060614073025115,0.33970737467280204,0.3361997651979788,0.29319983205911554,0.32080843535615033,0.31349481797694206,0.4029171192618892
MB105,the,0.5255306737629883,0.18086315537730677,0.47001413370284173,0.48403123323560066,0.4947808440272489,0.7540587113943067,0.5988400801688598,0.5485558002347696,0.5512622297402232,0.3833714479868441
MB105,avengers,0.4744693262370117,0.8191368446226932,0.5010267856216016,0.5159687667643993,0.505219155972751,0.1750349973963617,0.4011599198311402,0.4514441997652303,0.4487377702597769,0.6166285520131559
MB106,jobs,0.4316674128431049,0.3062371207437048,0.4594647104709001,0.3731036504120241,0.3449075282396189,0.42179010912883697,0.336535332835173,0.3339929851223649,0.3004569720794977,0.3840871541393767
MB106,steve,0.47194367362288153,0.36998232430082667,0.42966658934468077,0.3489063888721387,0.33786549684955336,0.3418857551358432,0.3176221063375656,0.3245765144828269,0.29657194199862624,0.30431782225185683
MB106,health,0.09638891353401366,0.32378055495546854,0.3423353716134072,0.2779899607158372,0.3172269749108277,0.46111116523036555,0.3458425608272615,0.34143050039480816,0.40297108592187614,0.31159502360876645
MB107,piracy,0.3879862329293266,0.45939536397794045,0.3574239100565102,0.5493660696730491,0.5121172546403266,0.06153732204532227,0.5076510841321941,0.5049924318365879,0.46714752242803653,0.5022189047320749
MB107,somalian,0.6120137670706735,0.5406046360220595,0.29318763985087337,0.4506339303269508,0.48788274535967346,0.029539315484115796,0.4923489158678058,0.495007568163412,0.5328524775719634,0.4977810952679251
MB108,identity,0.4684451256725984,0.34009586753502286,0.39129876819323434,0.3279960274018651,0.3318147546921951,0.01804804654811315,0.31452149847053423,0.3247796648104608,0.2956238731464564,0.3353717302368885
MB108,protection,0.10506474821013882,0.3260524378978714,0.4092953005406275,0.3430811531338203,0.33610679828676765,0.16046520811818663,0.35852065864457494,0.3473595182336781,0.4072063375056204,0.33098088252169805
MB108,theft,0.42649012611726267,0.33385169456710573,0.3924044297321266,0.32892281946431445,0.3320784470210373,0.05830219832725275,0.3269578428848908,0.32786081695586117,0.2971697893479232,0.3336473872414134
MB109,gasland,1.0,1.0,0.4007603396002451,1.0,1.0,0.0951959099400973,1.0,1.0,1.0,1.0
MB110,trade,0.1446847102968609,0.284715206764861,0.344236164595678,0.2555381234404244,0.3092257474469451,0.33503987801084995,0.35617864683159234,0.34940358344834077,0.390138568685769,0.2948557445660997
MB110,sanctions,0.6715228108866375,0.40090429800767247,0.4780675127210438,0.35488565015257717,0.34001207781497694,0.2184829648393141,0.32508213481266995,0.3202663143772291,0.34306034388626233,0.36718972859888527
MB110,economic,0.18379247881650157,0.3143804952274665,0.5247992909647702,0.38957622640699846,0.350762174738078,0.1947082481677119,0.31873921835573776,0.3303301021744302,0.2668010874279686,0.33795452683501503
