query,term,weight
MB01,bbc,0.2
MB01,world,0.2
MB01,service,0.2
MB01,staff,0.2
MB01,cuts,0.2
MB02,fifa,0.2
MB02,soccer,0.1
MB02,2022,0.7
MB03,aristide,0.3333333333333333
MB03,haiti,0.3333333333333333
MB03,return,0.3333333333333333
MB04,mexico,0.3
MB04,war,0.2
MB04,drug,0.5
MB05,computer,0.3333333333333333
MB05,security,0.3333333333333333
MB05,nist,0.3333333333333333
MB06,nsa,1.0
MB07,murder,0.1
MB07,arrest,0.2
MB07,pakistan,0.4
MB07,diplomat,0.3
MB08,hacking,0.3999999999999999
MB08,phone,0.19999999999999996
MB08,british,0.29999999999999993
MB08,politicians,0.09999999999999998
MB09,recall,0.3
MB09,toyota,0.7
MB10,protesters,0.3
MB10,museum,0.4
MB10,attack,0.1
MB10,egyptian,0.2
MB11,kubica,0.7
MB11,crash,0.3
MB12,assange,0.2
MB12,peace,0.1
MB12,nobel,0.4
MB12,nomination,0.3
MB13,half,0.3
MB13,oprah,0.2
MB13,winfrey,0.4
MB13,sister,0.1
MB14,the,0.4
MB14,release,0.1
MB14,of,0.3
MB14,rite,0.2
MB15,thorpe,0.2
MB15,in,0.2
MB15,2012,0.2
MB15,olympics,0.2
MB15,return,0.2
MB16,known,0.2
MB16,release,0.2
MB16,and,0.2
MB16,of,0.2
MB16,unknown,0.2
MB17,stripes,0.5
MB17,breakup,0.2
MB17,white,0.3
MB18,the,0.14285714285714285
MB18,date,0.14285714285714285
MB18,william,0.14285714285714285
MB18,kate,0.14285714285714285
MB18,and,0.14285714285714285
MB18,save,0.14285714285714285
MB18,fax,0.14285714285714285
MB19,cuomo,0.5
MB19,budget,0.3
MB19,cuts,0.2
MB20,filling,0.2
MB20,lawsuit,0.4
MB20,bell,0.1
MB20,taco,0.3
MB21,residency,0.2
MB21,emanuel,0.3
MB21,rulings,0.1
MB21,court,0.4
MB22,law,0.5
MB22,healthcare,0.2
MB22,unconstitutional,0.3
MB23,service,0.5
MB23,amtrak,0.3
MB23,train,0.2
MB24,super,0.4
MB24,bowl,0.1
MB24,seats,0.5
MB25,screening,0.20000000000000004
MB25,tsa,0.7000000000000001
MB25,airport,0.10000000000000002
MB26,unemployment,0.6
MB26,us,0.4
MB27,reduce,0.4
MB27,consumption,0.1
MB27,energy,0.5
MB28,auto,0.3
MB28,show,0.5
MB28,detroit,0.2
MB29,and,0.2
MB29,warming,0.4
MB29,weather,0.1
MB29,global,0.3
MB30,keith,0.3
MB30,new,0.2
MB30,olbermann,0.4
MB30,job,0.1
MB31,special,0.3333333333333333
MB31,olympics,0.3333333333333333
MB31,athletes,0.3333333333333333
MB32,the,0.16666666666666666
MB32,and,0.16666666666666666
MB32,of,0.16666666666666666
MB32,jobs,0.16666666666666666
MB32,state,0.16666666666666666
MB32,union,0.16666666666666666
MB33,whisperer,0.2
MB33,cesar,0.2
MB33,millan,0.2
MB33,techniques,0.2
MB33,dog,0.2
MB34,rachel,0.20000000000000004
MB34,maddow,0.7000000000000001
MB34,msnbc,0.10000000000000002
MB35,sargent,0.3333333333333333
MB35,tributes,0.3333333333333333
MB35,shriver,0.3333333333333333
MB36,moscow,0.4
MB36,bombing,0.1
MB36,airport,0.5
MB37,giffords,0.7
MB37,recovery,0.3
MB38,protests,0.3
MB38,in,0.5
MB38,jordan,0.2
MB39,egyptian,0.5
MB39,curfew,0.5
MB40,beck,0.2
MB40,attacks,0.3
MB40,piven,0.5
MB41,obama,0.5
MB41,certificate,0.1
MB41,birth,0.4
MB42,envoy,0.3
MB42,holland,0.1
MB42,iran,0.2
MB42,recall,0.4
MB43,kucinich,0.3999999999999999
MB43,olive,0.19999999999999996
MB43,lawsuit,0.29999999999999993
MB43,pit,0.09999999999999998
MB44,spokesman,0.2
MB44,white,0.3
MB44,replaced,0.1
MB44,house,0.4
MB45,campaigns,0.2
MB45,social,0.2
MB45,and,0.2
MB45,political,0.2
MB45,media,0.2
MB46,bottega,0.7
MB46,veneta,0.3
MB47,requirements,0.2
MB47,farming,0.1
MB47,organic,0.7
MB48,evacuation,0.5
MB48,egyptian,0.5
MB49,law,0.3333333333333333
MB49,carbon,0.3333333333333333
MB49,monoxide,0.3333333333333333
MB51,government,0.4
MB51,british,0.1
MB51,cuts,0.5
MB52,epidemic,0.5
MB52,bedbug,0.5
MB53,river,0.1
MB53,cruises,0.7
MB53,boat,0.2
MB54,the,0.8
MB54,daily,0.2
MB55,loss,0.25
MB55,and,0.25
MB55,weight,0.25
MB55,berries,0.25
MB56,hugo,0.4
MB56,chavez,0.6
MB57,blizzard,0.3
MB57,chicago,0.7
MB58,fda,0.4
MB58,drugs,0.1
MB58,approval,0.2
MB58,of,0.3
MB59,beck,0.9
MB59,glen,0.1
MB60,fishing,0.7
MB60,guidebooks,0.3
MB61,the,0.14285714285714285
MB61,united,0.14285714285714285
MB61,visit,0.14285714285714285
MB61,to,0.14285714285714285
MB61,hu,0.14285714285714285
MB61,jintao,0.14285714285714285
MB61,states,0.14285714285714285
MB62,starbucks,0.3333333333333333
MB62,trenta,0.3333333333333333
MB62,cup,0.3333333333333333
MB63,bieber,0.2
MB63,trading,0.2
MB63,places,0.2
MB63,stewart,0.2
MB63,and,0.2
MB64,red,0.1
MB64,cameras,0.5
MB64,light,0.4
MB65,michelle,0.3
MB65,obama,0.4
MB65,campaign,0.1
MB65,obesity,0.2
MB66,treatment,0.2
MB66,egypt,0.1
MB66,in,0.4
MB66,journalists,0.3
MB67,boston,0.2
MB67,celtics,0.5
MB67,championship,0.3
MB68,rehab,0.20000000000000004
MB68,sheen,0.7000000000000001
MB68,charlie,0.10000000000000002
MB69,high,0.5
MB69,taxes,0.5
MB70,markets,0.3
MB70,opinions,0.2
MB70,farmers,0.5
MB71,murray,0.2
MB71,australian,0.2
MB71,vs,0.2
MB71,open,0.2
MB71,djokovic,0.2
MB72,kardashians,0.7
MB72,opinions,0.3
MB73,iran,0.3333333333333333
MB73,program,0.3333333333333333
MB73,nuclear,0.3333333333333333
MB74,credit,0.3
MB74,debt,0.5
MB74,card,0.2
MB75,super,0.1
MB75,fail,0.4
MB75,aguilera,0.3
MB75,bowl,0.2
MB76,celebrity,0.3333333333333333
MB76,violations,0.3333333333333333
MB76,dui,0.3333333333333333
MB77,ncis,1.0
MB78,mcdonalds,0.5
MB78,food,0.5
MB79,yemen,0.7000000000000001
MB79,saleh,0.20000000000000004
MB79,overthrow,0.10000000000000002
MB80,chipotle,0.7
MB80,raid,0.3
MB81,smartphone,0.7
MB81,success,0.3
MB82,laws,0.5
MB82,immigrant,0.4
MB82,illegal,0.1
MB83,effects,0.3333333333333333
MB83,worm,0.3333333333333333
MB83,stuxnet,0.3333333333333333
MB84,athlete,0.5
MB84,concussions,0.5
MB85,improve,0.1
MB85,buy,0.2
MB85,best,0.3
MB85,sales,0.4
MB86,murder,0.3333333333333333
MB86,yeates,0.3333333333333333
MB86,joanna,0.3333333333333333
MB87,recipes,0.3
MB87,chicken,0.7
MB88,speech,0.2
MB88,awards,0.5
MB88,kings,0.3
MB89,cases,0.3
MB89,supreme,0.2
MB89,court,0.5
MB90,bullying,0.5
MB90,anti,0.5
MB91,michelle,0.1
MB91,obama,0.5
MB91,fashion,0.4
MB92,market,0.3
MB92,tutorial,0.2
MB92,stock,0.5
MB93,week,0.4
MB93,in,0.2
MB93,nyc,0.1
MB93,fashion,0.3
MB94,horse,0.5
MB94,race,0.2
MB94,betting,0.3
MB95,facebook,0.4
MB95,privacy,0.6
MB96,sundance,0.7
MB96,attendees,0.3
MB97,college,0.4
MB97,student,0.1
MB97,aid,0.5
MB98,floods,0.5
MB98,australian,0.5
MB99,superbowl,0.1
MB99,commercials,0.9
MB100,committee,0.20000000000000004
MB100,republican,0.7000000000000001
MB100,national,0.10000000000000002
MB101,in,0.2
MB101,swan,0.2
MB101,black,0.2
MB101,portman,0.2
MB101,natalie,0.2
MB102,school,0.7
MB102,lunches,0.3
MB103,tea,0.5
MB103,caucus,0.3
MB103,party,0.2
MB104,driving,0.20000000000000004
MB104,and,0.7000000000000001
MB104,texting,0.10000000000000002
MB105,the,0.5
MB105,avengers,0.5
MB106,jobs,0.2
MB106,steve,0.5
MB106,health,0.3
MB107,piracy,0.7
MB107,somalian,0.3
MB108,identity,0.3333333333333333
MB108,protection,0.3333333333333333
MB108,theft,0.3333333333333333
MB109,gasland,1.0
MB110,trade,0.1
MB110,sanctions,0.7
MB110,economic,0.2
